#
# There is insufficient memory for the Java Runtime Environment to continue.
# Native memory allocation (malloc) failed to allocate 1599856 bytes for Chunk::new
# Possible reasons:
#   The system is out of physical RAM or swap space
#   The process is running with CompressedOops enabled, and the Java Heap may be blocking the growth of the native heap
# Possible solutions:
#   Reduce memory load on the system
#   Increase physical memory or swap space
#   Check if swap backing store is full
#   Decrease Java heap size (-Xmx/-Xms)
#   Decrease number of Java threads
#   Decrease Java thread stack sizes (-Xss)
#   Set larger code cache with -XX:ReservedCodeCacheSize=
#   JVM is running with Unscaled Compressed Oops mode in which the Java heap is
#     placed in the first 4GB address space. The Java Heap base address is the
#     maximum limit for the native heap growth. Please use -XX:HeapBaseMinAddress
#     to set the Java Heap base and to place the Java Heap above 4GB virtual address.
# This output file may be truncated or incomplete.
#
#  Out of Memory Error (arena.cpp:168), pid=18992, tid=18500
#
# JRE version: Java(TM) SE Runtime Environment (21.0.9+7) (build 21.0.9+7-LTS-338)
# Java VM: Java HotSpot(TM) 64-Bit Server VM (21.0.9+7-LTS-338, mixed mode, sharing, tiered, compressed oops, compressed class ptrs, g1 gc, windows-amd64)
# No core dump will be written. Minidumps are not enabled by default on client versions of Windows
#

---------------  S U M M A R Y ------------

Command Line: --add-opens=java.base/java.util=ALL-UNNAMED --add-opens=java.base/java.lang=ALL-UNNAMED --add-opens=java.base/java.lang.invoke=ALL-UNNAMED --add-opens=java.prefs/java.util.prefs=ALL-UNNAMED --add-opens=java.base/java.nio.charset=ALL-UNNAMED --add-opens=java.base/java.net=ALL-UNNAMED --add-opens=java.base/java.util.concurrent.atomic=ALL-UNNAMED -Xmx1024m -Dfile.encoding=UTF-8 -Duser.country=PH -Duser.language=en -Duser.variant -javaagent:C:\Users\Mark Anton Camoro\.gradle\wrapper\dists\gradle-8.4-bin\1w5dpkrfk8irigvoxmyhowfim\gradle-8.4\lib\agents\gradle-instrumentation-agent-8.4.jar org.gradle.launcher.daemon.bootstrap.GradleDaemon 8.4

Host: 11th Gen Intel(R) Core(TM) i5-11260H @ 2.60GHz, 12 cores, 15G,  Windows 11 , 64 bit Build 26100 (10.0.26100.8328)
Time: Fri May 15 19:44:59 2026 Malay Peninsula Standard Time elapsed time: 22.813614 seconds (0d 0h 0m 22s)

---------------  T H R E A D  ---------------

Current thread (0x0000026ce10226e0):  JavaThread "C2 CompilerThread0" daemon [_thread_in_native, id=18500, stack(0x0000008d2fe00000,0x0000008d2ff00000) (1024K)]


Current CompileTask:
C2:  22813 10003   !   4       java.net.URLClassLoader::defineClass (224 bytes)

Stack: [0x0000008d2fe00000,0x0000008d2ff00000]
Native frames: (J=compiled Java code, j=interpreted, Vv=VM code, C=native code)
V  [jvm.dll+0x6cbf89]
V  [jvm.dll+0x858421]
V  [jvm.dll+0x85a94e]
V  [jvm.dll+0x85b023]
V  [jvm.dll+0x27ebc6]
V  [jvm.dll+0xc4f4d]
V  [jvm.dll+0xc5483]
V  [jvm.dll+0x3b69fc]
V  [jvm.dll+0x382925]
V  [jvm.dll+0x381d9a]
V  [jvm.dll+0x247640]
V  [jvm.dll+0x246c1f]
V  [jvm.dll+0x1c7a3e]
V  [jvm.dll+0x256329]
V  [jvm.dll+0x2548ba]
V  [jvm.dll+0x3efdee]
V  [jvm.dll+0x80265b]
V  [jvm.dll+0x6ca66d]
C  [ucrtbase.dll+0x37b0]
C  [KERNEL32.DLL+0x2e957]
C  [ntdll.dll+0x427c]


---------------  P R O C E S S  ---------------

Threads class SMR info:
_java_thread_list=0x0000026cf52f5e20, length=59, elements={
0x0000026cfddc7b10, 0x0000026c9bbfe5a0, 0x0000026ce10110a0, 0x0000026ce1015450,
0x0000026ce1018160, 0x0000026ce1016ff0, 0x0000026ce101abb0, 0x0000026ce10226e0,
0x0000026ce102b6f0, 0x0000026ce1214430, 0x0000026ce12805c0, 0x0000026ce1cc8810,
0x0000026ce2785080, 0x0000026ce2393470, 0x0000026ce2c36950, 0x0000026ce2baa8e0,
0x0000026ce2aa2630, 0x0000026ce2ac4f00, 0x0000026ce2ac62b0, 0x0000026ce2ac6940,
0x0000026ce2ac5590, 0x0000026ce2ac3b50, 0x0000026ce2ac41e0, 0x0000026ce2ac5c20,
0x0000026ce2ac4870, 0x0000026ce3b477e0, 0x0000026ce3b49220, 0x0000026ce3b48b90,
0x0000026ce3b47e70, 0x0000026ce3b48500, 0x0000026ce3b45da0, 0x0000026ce3b498b0,
0x0000026ce3b46ac0, 0x0000026ce3b4a5d0, 0x0000026ce3b4d3c0, 0x0000026ce3b4b2f0,
0x0000026ce3b4b980, 0x0000026ce3b4cd30, 0x0000026ce3b79300, 0x0000026ce3b77230,
0x0000026ce3b76ba0, 0x0000026ce3b77f50, 0x0000026ce3b76510, 0x0000026ce3b79990,
0x0000026ce3b7a020, 0x0000026ce3b78c70, 0x0000026ce3b7a6b0, 0x0000026ce3b7ad40,
0x0000026ce3b778c0, 0x0000026ce3b7b3d0, 0x0000026ce3b7c780, 0x0000026ce3b7ba60,
0x0000026ce3b7ce10, 0x0000026ce3b7c0f0, 0x0000026ce3b7db30, 0x0000026ce3b7d4a0,
0x0000026ce6f438d0, 0x0000026ce6f43f60, 0x0000026cf52d1030
}

Java Threads: ( => current thread )
  0x0000026cfddc7b10 JavaThread "main"                              [_thread_blocked, id=11288, stack(0x0000008d2f000000,0x0000008d2f100000) (1024K)]
  0x0000026c9bbfe5a0 JavaThread "Reference Handler"          daemon [_thread_blocked, id=5272, stack(0x0000008d2f800000,0x0000008d2f900000) (1024K)]
  0x0000026ce10110a0 JavaThread "Finalizer"                  daemon [_thread_blocked, id=8156, stack(0x0000008d2f900000,0x0000008d2fa00000) (1024K)]
  0x0000026ce1015450 JavaThread "Signal Dispatcher"          daemon [_thread_blocked, id=24536, stack(0x0000008d2fa00000,0x0000008d2fb00000) (1024K)]
  0x0000026ce1018160 JavaThread "Attach Listener"            daemon [_thread_blocked, id=19176, stack(0x0000008d2fb00000,0x0000008d2fc00000) (1024K)]
  0x0000026ce1016ff0 JavaThread "Service Thread"             daemon [_thread_blocked, id=16188, stack(0x0000008d2fc00000,0x0000008d2fd00000) (1024K)]
  0x0000026ce101abb0 JavaThread "Monitor Deflation Thread"   daemon [_thread_blocked, id=14308, stack(0x0000008d2fd00000,0x0000008d2fe00000) (1024K)]
=>0x0000026ce10226e0 JavaThread "C2 CompilerThread0"         daemon [_thread_in_native, id=18500, stack(0x0000008d2fe00000,0x0000008d2ff00000) (1024K)]
  0x0000026ce102b6f0 JavaThread "C1 CompilerThread0"         daemon [_thread_blocked, id=2692, stack(0x0000008d2ff00000,0x0000008d30000000) (1024K)]
  0x0000026ce1214430 JavaThread "Common-Cleaner"             daemon [_thread_blocked, id=24760, stack(0x0000008d30000000,0x0000008d30100000) (1024K)]
  0x0000026ce12805c0 JavaThread "Notification Thread"        daemon [_thread_blocked, id=25988, stack(0x0000008d30100000,0x0000008d30200000) (1024K)]
  0x0000026ce1cc8810 JavaThread "Daemon health stats"               [_thread_blocked, id=25008, stack(0x0000008d30800000,0x0000008d30900000) (1024K)]
  0x0000026ce2785080 JavaThread "Incoming local TCP Connector on port 56364"        [_thread_in_native, id=9148, stack(0x0000008d30900000,0x0000008d30a00000) (1024K)]
  0x0000026ce2393470 JavaThread "Daemon periodic checks"            [_thread_blocked, id=22456, stack(0x0000008d30a00000,0x0000008d30b00000) (1024K)]
  0x0000026ce2c36950 JavaThread "Daemon"                            [_thread_blocked, id=16888, stack(0x0000008d30b00000,0x0000008d30c00000) (1024K)]
  0x0000026ce2baa8e0 JavaThread "Handler for socket connection from /127.0.0.1:56364 to /127.0.0.1:56365"        [_thread_in_native, id=7920, stack(0x0000008d30c00000,0x0000008d30d00000) (1024K)]
  0x0000026ce2aa2630 JavaThread "Cancel handler"                    [_thread_blocked, id=8600, stack(0x0000008d30d00000,0x0000008d30e00000) (1024K)]
  0x0000026ce2ac4f00 JavaThread "Daemon worker"                     [_thread_in_vm, id=11612, stack(0x0000008d30e00000,0x0000008d30f00000) (1024K)]
  0x0000026ce2ac62b0 JavaThread "Asynchronous log dispatcher for DefaultDaemonConnection: socket connection from /127.0.0.1:56364 to /127.0.0.1:56365"        [_thread_blocked, id=21144, stack(0x0000008d30f00000,0x0000008d31000000) (1024K)]
  0x0000026ce2ac6940 JavaThread "Stdin handler"                     [_thread_blocked, id=21948, stack(0x0000008d31000000,0x0000008d31100000) (1024K)]
  0x0000026ce2ac5590 JavaThread "Daemon client event forwarder"        [_thread_blocked, id=24976, stack(0x0000008d31100000,0x0000008d31200000) (1024K)]
  0x0000026ce2ac3b50 JavaThread "Cache worker for journal cache (C:\Users\Mark Anton Camoro\.gradle\caches\journal-1)"        [_thread_blocked, id=17688, stack(0x0000008d31200000,0x0000008d31300000) (1024K)]
  0x0000026ce2ac41e0 JavaThread "File lock request listener"        [_thread_in_native, id=24724, stack(0x0000008d31300000,0x0000008d31400000) (1024K)]
  0x0000026ce2ac5c20 JavaThread "Cache worker for file hash cache (C:\Users\Mark Anton Camoro\.gradle\caches\8.4\fileHashes)"        [_thread_blocked, id=1484, stack(0x0000008d31400000,0x0000008d31500000) (1024K)]
  0x0000026ce2ac4870 JavaThread "File watcher server"        daemon [_thread_in_native, id=20132, stack(0x0000008d31c00000,0x0000008d31d00000) (1024K)]
  0x0000026ce3b477e0 JavaThread "File watcher consumer"      daemon [_thread_blocked, id=21624, stack(0x0000008d31d00000,0x0000008d31e00000) (1024K)]
  0x0000026ce3b49220 JavaThread "Cache worker for checksums cache (C:\KIRO\PeerTayo\IT342_PeerTayo_G4_Camoro\mobile\.gradle\8.4\checksums)"        [_thread_blocked, id=19424, stack(0x0000008d31e00000,0x0000008d31f00000) (1024K)]
  0x0000026ce3b48b90 JavaThread "Cache worker for file hash cache (C:\KIRO\PeerTayo\IT342_PeerTayo_G4_Camoro\mobile\.gradle\8.4\fileHashes)"        [_thread_blocked, id=12488, stack(0x0000008d31f00000,0x0000008d32000000) (1024K)]
  0x0000026ce3b47e70 JavaThread "Cache worker for cache directory md-supplier (C:\Users\Mark Anton Camoro\.gradle\caches\8.4\md-supplier)"        [_thread_blocked, id=19504, stack(0x0000008d32000000,0x0000008d32100000) (1024K)]
  0x0000026ce3b48500 JavaThread "Cache worker for file content cache (C:\Users\Mark Anton Camoro\.gradle\caches\8.4\fileContent)"        [_thread_blocked, id=12660, stack(0x0000008d32100000,0x0000008d32200000) (1024K)]
  0x0000026ce3b45da0 JavaThread "Cache worker for cache directory md-rule (C:\Users\Mark Anton Camoro\.gradle\caches\8.4\md-rule)"        [_thread_blocked, id=3660, stack(0x0000008d31500000,0x0000008d31600000) (1024K)]
  0x0000026ce3b498b0 JavaThread "Cache worker for execution history cache (C:\Users\Mark Anton Camoro\.gradle\caches\8.4\executionHistory)"        [_thread_blocked, id=6100, stack(0x0000008d32200000,0x0000008d32300000) (1024K)]
  0x0000026ce3b46ac0 JavaThread "Cache worker for kotlin-dsl (C:\Users\Mark Anton Camoro\.gradle\caches\8.4\kotlin-dsl)"        [_thread_blocked, id=9720, stack(0x0000008d32400000,0x0000008d32500000) (1024K)]
  0x0000026ce3b4a5d0 JavaThread "jar transforms"                    [_thread_blocked, id=3292, stack(0x0000008d32500000,0x0000008d32600000) (1024K)]
  0x0000026ce3b4d3c0 JavaThread "jar transforms Thread 2"           [_thread_blocked, id=5248, stack(0x0000008d32600000,0x0000008d32700000) (1024K)]
  0x0000026ce3b4b2f0 JavaThread "jar transforms Thread 3"           [_thread_blocked, id=20772, stack(0x0000008d32300000,0x0000008d32400000) (1024K)]
  0x0000026ce3b4b980 JavaThread "jar transforms Thread 4"           [_thread_blocked, id=19912, stack(0x0000008d32700000,0x0000008d32800000) (1024K)]
  0x0000026ce3b4cd30 JavaThread "Cache worker for dependencies-accessors (C:\KIRO\PeerTayo\IT342_PeerTayo_G4_Camoro\mobile\.gradle\8.4\dependencies-accessors)"        [_thread_blocked, id=18352, stack(0x0000008d32900000,0x0000008d32a00000) (1024K)]
  0x0000026ce3b79300 JavaThread "Cache worker for Build Output Cleanup Cache (C:\KIRO\PeerTayo\IT342_PeerTayo_G4_Camoro\mobile\.gradle\buildOutputCleanup)"        [_thread_blocked, id=24368, stack(0x0000008d32800000,0x0000008d32900000) (1024K)]
  0x0000026ce3b77230 JavaThread "jar transforms Thread 5"           [_thread_blocked, id=15860, stack(0x0000008d32b00000,0x0000008d32c00000) (1024K)]
  0x0000026ce3b76ba0 JavaThread "jar transforms Thread 6"           [_thread_blocked, id=8692, stack(0x0000008d32c00000,0x0000008d32d00000) (1024K)]
  0x0000026ce3b77f50 JavaThread "Unconstrained build operations"        [_thread_blocked, id=21800, stack(0x0000008d30200000,0x0000008d30300000) (1024K)]
  0x0000026ce3b76510 JavaThread "Unconstrained build operations Thread 2"        [_thread_blocked, id=5604, stack(0x0000008d32a00000,0x0000008d32b00000) (1024K)]
  0x0000026ce3b79990 JavaThread "Unconstrained build operations Thread 3"        [_thread_blocked, id=10652, stack(0x0000008d32d00000,0x0000008d32e00000) (1024K)]
  0x0000026ce3b7a020 JavaThread "Unconstrained build operations Thread 4"        [_thread_blocked, id=20832, stack(0x0000008d32e00000,0x0000008d32f00000) (1024K)]
  0x0000026ce3b78c70 JavaThread "Unconstrained build operations Thread 5"        [_thread_blocked, id=15928, stack(0x0000008d32f00000,0x0000008d33000000) (1024K)]
  0x0000026ce3b7a6b0 JavaThread "Unconstrained build operations Thread 6"        [_thread_blocked, id=17884, stack(0x0000008d33000000,0x0000008d33100000) (1024K)]
  0x0000026ce3b7ad40 JavaThread "Unconstrained build operations Thread 7"        [_thread_blocked, id=23424, stack(0x0000008d33100000,0x0000008d33200000) (1024K)]
  0x0000026ce3b778c0 JavaThread "Unconstrained build operations Thread 8"        [_thread_blocked, id=11344, stack(0x0000008d33200000,0x0000008d33300000) (1024K)]
  0x0000026ce3b7b3d0 JavaThread "Unconstrained build operations Thread 9"        [_thread_blocked, id=12412, stack(0x0000008d33300000,0x0000008d33400000) (1024K)]
  0x0000026ce3b7c780 JavaThread "Unconstrained build operations Thread 10"        [_thread_blocked, id=15028, stack(0x0000008d33400000,0x0000008d33500000) (1024K)]
  0x0000026ce3b7ba60 JavaThread "Unconstrained build operations Thread 11"        [_thread_blocked, id=16792, stack(0x0000008d33500000,0x0000008d33600000) (1024K)]
  0x0000026ce3b7ce10 JavaThread "jar transforms Thread 7"           [_thread_blocked, id=4608, stack(0x0000008d33700000,0x0000008d33800000) (1024K)]
  0x0000026ce3b7c0f0 JavaThread "jar transforms Thread 8"           [_thread_blocked, id=12652, stack(0x0000008d33800000,0x0000008d33900000) (1024K)]
  0x0000026ce3b7db30 JavaThread "jar transforms Thread 9"           [_thread_blocked, id=24624, stack(0x0000008d33900000,0x0000008d33a00000) (1024K)]
  0x0000026ce3b7d4a0 JavaThread "jar transforms Thread 10"          [_thread_blocked, id=18564, stack(0x0000008d33a00000,0x0000008d33b00000) (1024K)]
  0x0000026ce6f438d0 JavaThread "jar transforms Thread 11"          [_thread_blocked, id=23412, stack(0x0000008d33b00000,0x0000008d33c00000) (1024K)]
  0x0000026ce6f43f60 JavaThread "jar transforms Thread 12"          [_thread_blocked, id=6440, stack(0x0000008d33c00000,0x0000008d33d00000) (1024K)]
  0x0000026cf52d1030 JavaThread "C2 CompilerThread1"         daemon [_thread_blocked, id=16868, stack(0x0000008d33600000,0x0000008d33700000) (1024K)]
Total: 59

Other Threads:
  0x0000026c9bbf05d0 VMThread "VM Thread"                           [id=11036, stack(0x0000008d2f700000,0x0000008d2f800000) (1024K)]
  0x0000026c9bbdd3f0 WatcherThread "VM Periodic Task Thread"        [id=13860, stack(0x0000008d2f600000,0x0000008d2f700000) (1024K)]
  0x0000026cfe3b6550 WorkerThread "GC Thread#0"                     [id=6088, stack(0x0000008d2f100000,0x0000008d2f200000) (1024K)]
  0x0000026ce1e24080 WorkerThread "GC Thread#1"                     [id=23500, stack(0x0000008d30300000,0x0000008d30400000) (1024K)]
  0x0000026ce1e24430 WorkerThread "GC Thread#2"                     [id=14624, stack(0x0000008d30400000,0x0000008d30500000) (1024K)]
  0x0000026ce1e247e0 WorkerThread "GC Thread#3"                     [id=6192, stack(0x0000008d30500000,0x0000008d30600000) (1024K)]
  0x0000026ce1e24b90 WorkerThread "GC Thread#4"                     [id=2136, stack(0x0000008d30600000,0x0000008d30700000) (1024K)]
  0x0000026ce1f71e00 WorkerThread "GC Thread#5"                     [id=11108, stack(0x0000008d30700000,0x0000008d30800000) (1024K)]
  0x0000026ce37eb7a0 WorkerThread "GC Thread#6"                     [id=18344, stack(0x0000008d31600000,0x0000008d31700000) (1024K)]
  0x0000026ce37ebf00 WorkerThread "GC Thread#7"                     [id=19072, stack(0x0000008d31700000,0x0000008d31800000) (1024K)]
  0x0000026ce37ed170 WorkerThread "GC Thread#8"                     [id=24952, stack(0x0000008d31800000,0x0000008d31900000) (1024K)]
  0x0000026ce37eb040 WorkerThread "GC Thread#9"                     [id=19256, stack(0x0000008d31900000,0x0000008d31a00000) (1024K)]
  0x0000026cfe3bf450 ConcurrentGCThread "G1 Main Marker"            [id=1208, stack(0x0000008d2f200000,0x0000008d2f300000) (1024K)]
  0x0000026cfe3c1d00 WorkerThread "G1 Conc#0"                       [id=14612, stack(0x0000008d2f300000,0x0000008d2f400000) (1024K)]
  0x0000026ce37edc80 WorkerThread "G1 Conc#1"                       [id=24816, stack(0x0000008d31a00000,0x0000008d31b00000) (1024K)]
  0x0000026ce37ec2b0 WorkerThread "G1 Conc#2"                       [id=7896, stack(0x0000008d31b00000,0x0000008d31c00000) (1024K)]
  0x0000026c9bab0260 ConcurrentGCThread "G1 Refine#0"               [id=15668, stack(0x0000008d2f400000,0x0000008d2f500000) (1024K)]
  0x0000026c9bab0cf0 ConcurrentGCThread "G1 Service"                [id=15636, stack(0x0000008d2f500000,0x0000008d2f600000) (1024K)]
Total: 18

Threads with active compile tasks:
C2 CompilerThread0    22836 10003   !   4       java.net.URLClassLoader::defineClass (224 bytes)
Total: 1

VM state: not at safepoint (normal execution)

VM Mutex/Monitor currently owned by a thread: None

Heap address: 0x00000000c0000000, size: 1024 MB, Compressed Oops mode: 32-bit

CDS archive(s) mapped at: [0x0000026c9c000000-0x0000026c9cc90000-0x0000026c9cc90000), size 13172736, SharedBaseAddress: 0x0000026c9c000000, ArchiveRelocationMode: 1.
Compressed class space mapped at: 0x0000026c9d000000-0x0000026cdd000000, reserved size: 1073741824
Narrow klass base: 0x0000026c9c000000, Narrow klass shift: 0, Narrow klass range: 0x100000000

GC Precious Log:
 CardTable entry size: 512
 Card Set container configuration: InlinePtr #cards 5 size 8 Array Of Cards #cards 12 size 40 Howl #buckets 4 coarsen threshold 1843 Howl Bitmap #cards 512 size 80 coarsen threshold 460 Card regions per heap region 1 cards per card region 2048
 CPUs: 12 total, 12 available
 Memory: 16085M
 Large Page Support: Disabled
 NUMA Support: Disabled
 Compressed Oops: Enabled (32-bit)
 Heap Region Size: 1M
 Heap Min Capacity: 8M
 Heap Initial Capacity: 252M
 Heap Max Capacity: 1G
 Pre-touch: Disabled
 Parallel Workers: 10
 Concurrent Workers: 3
 Concurrent Refinement Workers: 10
 Periodic GC: Disabled

Heap:
 garbage-first heap   total 211968K, used 155889K [0x00000000c0000000, 0x0000000100000000)
  region size 1024K, 36 young (36864K), 2 survivors (2048K)
 Metaspace       used 110650K, committed 112896K, reserved 1179648K
  class space    used 14458K, committed 15616K, reserved 1048576K

Heap Regions: E=young(eden), S=young(survivor), O=old, HS=humongous(starts), HC=humongous(continues), CS=collection set, F=free, TAMS=top-at-mark-start, PB=parsable bottom
|   0|0x00000000c0000000, 0x00000000c0100000, 0x00000000c0100000|100%|HS|  |TAMS 0x00000000c0000000| PB 0x00000000c0000000| Complete 
|   1|0x00000000c0100000, 0x00000000c0200000, 0x00000000c0200000|100%|HC|  |TAMS 0x00000000c0100000| PB 0x00000000c0100000| Complete 
|   2|0x00000000c0200000, 0x00000000c0300000, 0x00000000c0300000|100%|HC|  |TAMS 0x00000000c0200000| PB 0x00000000c0200000| Complete 
|   3|0x00000000c0300000, 0x00000000c0400000, 0x00000000c0400000|100%|HC|  |TAMS 0x00000000c0300000| PB 0x00000000c0300000| Complete 
|   4|0x00000000c0400000, 0x00000000c0500000, 0x00000000c0500000|100%| O|  |TAMS 0x00000000c0400000| PB 0x00000000c0400000| Untracked 
|   5|0x00000000c0500000, 0x00000000c0600000, 0x00000000c0600000|100%| O|  |TAMS 0x00000000c0500000| PB 0x00000000c0500000| Untracked 
|   6|0x00000000c0600000, 0x00000000c0700000, 0x00000000c0700000|100%| O|  |TAMS 0x00000000c0600000| PB 0x00000000c0600000| Untracked 
|   7|0x00000000c0700000, 0x00000000c0800000, 0x00000000c0800000|100%| O|  |TAMS 0x00000000c0700000| PB 0x00000000c0700000| Untracked 
|   8|0x00000000c0800000, 0x00000000c0900000, 0x00000000c0900000|100%| O|  |TAMS 0x00000000c0800000| PB 0x00000000c0800000| Untracked 
|   9|0x00000000c0900000, 0x00000000c0a00000, 0x00000000c0a00000|100%| O|  |TAMS 0x00000000c0900000| PB 0x00000000c0900000| Untracked 
|  10|0x00000000c0a00000, 0x00000000c0b00000, 0x00000000c0b00000|100%| O|  |TAMS 0x00000000c0a00000| PB 0x00000000c0a00000| Untracked 
|  11|0x00000000c0b00000, 0x00000000c0c00000, 0x00000000c0c00000|100%| O|  |TAMS 0x00000000c0b00000| PB 0x00000000c0b00000| Untracked 
|  12|0x00000000c0c00000, 0x00000000c0d00000, 0x00000000c0d00000|100%| O|  |TAMS 0x00000000c0c00000| PB 0x00000000c0c00000| Untracked 
|  13|0x00000000c0d00000, 0x00000000c0e00000, 0x00000000c0e00000|100%| O|  |TAMS 0x00000000c0d00000| PB 0x00000000c0d00000| Untracked 
|  14|0x00000000c0e00000, 0x00000000c0f00000, 0x00000000c0f00000|100%| O|  |TAMS 0x00000000c0e00000| PB 0x00000000c0e00000| Untracked 
|  15|0x00000000c0f00000, 0x00000000c1000000, 0x00000000c1000000|100%| O|  |TAMS 0x00000000c0f00000| PB 0x00000000c0f00000| Untracked 
|  16|0x00000000c1000000, 0x00000000c1100000, 0x00000000c1100000|100%| O|  |TAMS 0x00000000c1000000| PB 0x00000000c1000000| Untracked 
|  17|0x00000000c1100000, 0x00000000c1200000, 0x00000000c1200000|100%| O|  |TAMS 0x00000000c1100000| PB 0x00000000c1100000| Untracked 
|  18|0x00000000c1200000, 0x00000000c1300000, 0x00000000c1300000|100%| O|  |TAMS 0x00000000c1200000| PB 0x00000000c1200000| Untracked 
|  19|0x00000000c1300000, 0x00000000c1400000, 0x00000000c1400000|100%| O|  |TAMS 0x00000000c1300000| PB 0x00000000c1300000| Untracked 
|  20|0x00000000c1400000, 0x00000000c1500000, 0x00000000c1500000|100%| O|  |TAMS 0x00000000c1400000| PB 0x00000000c1400000| Untracked 
|  21|0x00000000c1500000, 0x00000000c1600000, 0x00000000c1600000|100%| O|  |TAMS 0x00000000c1500000| PB 0x00000000c1500000| Untracked 
|  22|0x00000000c1600000, 0x00000000c1700000, 0x00000000c1700000|100%| O|  |TAMS 0x00000000c1600000| PB 0x00000000c1600000| Untracked 
|  23|0x00000000c1700000, 0x00000000c1800000, 0x00000000c1800000|100%| O|  |TAMS 0x00000000c1700000| PB 0x00000000c1700000| Untracked 
|  24|0x00000000c1800000, 0x00000000c1900000, 0x00000000c1900000|100%| O|  |TAMS 0x00000000c1800000| PB 0x00000000c1800000| Untracked 
|  25|0x00000000c1900000, 0x00000000c1a00000, 0x00000000c1a00000|100%| O|  |TAMS 0x00000000c1900000| PB 0x00000000c1900000| Untracked 
|  26|0x00000000c1a00000, 0x00000000c1b00000, 0x00000000c1b00000|100%| O|  |TAMS 0x00000000c1a00000| PB 0x00000000c1a00000| Untracked 
|  27|0x00000000c1b00000, 0x00000000c1c00000, 0x00000000c1c00000|100%| O|  |TAMS 0x00000000c1b00000| PB 0x00000000c1b00000| Untracked 
|  28|0x00000000c1c00000, 0x00000000c1d00000, 0x00000000c1d00000|100%| O|  |TAMS 0x00000000c1c00000| PB 0x00000000c1c00000| Untracked 
|  29|0x00000000c1d00000, 0x00000000c1e00000, 0x00000000c1e00000|100%|HS|  |TAMS 0x00000000c1d00000| PB 0x00000000c1d00000| Complete 
|  30|0x00000000c1e00000, 0x00000000c1f00000, 0x00000000c1f00000|100%| O|  |TAMS 0x00000000c1e00000| PB 0x00000000c1e00000| Untracked 
|  31|0x00000000c1f00000, 0x00000000c2000000, 0x00000000c2000000|100%| O|  |TAMS 0x00000000c1f00000| PB 0x00000000c1f00000| Untracked 
|  32|0x00000000c2000000, 0x00000000c2100000, 0x00000000c2100000|100%| O|  |TAMS 0x00000000c2000000| PB 0x00000000c2000000| Untracked 
|  33|0x00000000c2100000, 0x00000000c2200000, 0x00000000c2200000|100%| O|  |TAMS 0x00000000c2100000| PB 0x00000000c2100000| Untracked 
|  34|0x00000000c2200000, 0x00000000c2300000, 0x00000000c2300000|100%| O|  |TAMS 0x00000000c2200000| PB 0x00000000c2200000| Untracked 
|  35|0x00000000c2300000, 0x00000000c2400000, 0x00000000c2400000|100%| O|  |TAMS 0x00000000c2300000| PB 0x00000000c2300000| Untracked 
|  36|0x00000000c2400000, 0x00000000c2500000, 0x00000000c2500000|100%| O|  |TAMS 0x00000000c2400000| PB 0x00000000c2400000| Untracked 
|  37|0x00000000c2500000, 0x00000000c2600000, 0x00000000c2600000|100%| O|  |TAMS 0x00000000c2500000| PB 0x00000000c2500000| Untracked 
|  38|0x00000000c2600000, 0x00000000c2700000, 0x00000000c2700000|100%| O|  |TAMS 0x00000000c2600000| PB 0x00000000c2600000| Untracked 
|  39|0x00000000c2700000, 0x00000000c2800000, 0x00000000c2800000|100%| O|  |TAMS 0x00000000c2700000| PB 0x00000000c2700000| Untracked 
|  40|0x00000000c2800000, 0x00000000c2900000, 0x00000000c2900000|100%| O|  |TAMS 0x00000000c2800000| PB 0x00000000c2800000| Untracked 
|  41|0x00000000c2900000, 0x00000000c2a00000, 0x00000000c2a00000|100%| O|  |TAMS 0x00000000c2900000| PB 0x00000000c2900000| Untracked 
|  42|0x00000000c2a00000, 0x00000000c2b00000, 0x00000000c2b00000|100%| O|  |TAMS 0x00000000c2a00000| PB 0x00000000c2a00000| Untracked 
|  43|0x00000000c2b00000, 0x00000000c2c00000, 0x00000000c2c00000|100%| O|  |TAMS 0x00000000c2b00000| PB 0x00000000c2b00000| Untracked 
|  44|0x00000000c2c00000, 0x00000000c2d00000, 0x00000000c2d00000|100%| O|  |TAMS 0x00000000c2c00000| PB 0x00000000c2c00000| Untracked 
|  45|0x00000000c2d00000, 0x00000000c2e00000, 0x00000000c2e00000|100%| O|  |TAMS 0x00000000c2d00000| PB 0x00000000c2d00000| Untracked 
|  46|0x00000000c2e00000, 0x00000000c2f00000, 0x00000000c2f00000|100%| O|  |TAMS 0x00000000c2e00000| PB 0x00000000c2e00000| Untracked 
|  47|0x00000000c2f00000, 0x00000000c3000000, 0x00000000c3000000|100%| O|  |TAMS 0x00000000c2f00000| PB 0x00000000c2f00000| Untracked 
|  48|0x00000000c3000000, 0x00000000c3100000, 0x00000000c3100000|100%| O|  |TAMS 0x00000000c3000000| PB 0x00000000c3000000| Untracked 
|  49|0x00000000c3100000, 0x00000000c3200000, 0x00000000c3200000|100%| O|  |TAMS 0x00000000c3100000| PB 0x00000000c3100000| Untracked 
|  50|0x00000000c3200000, 0x00000000c3300000, 0x00000000c3300000|100%| O|  |TAMS 0x00000000c3200000| PB 0x00000000c3200000| Untracked 
|  51|0x00000000c3300000, 0x00000000c3400000, 0x00000000c3400000|100%| O|  |TAMS 0x00000000c3300000| PB 0x00000000c3300000| Untracked 
|  52|0x00000000c3400000, 0x00000000c3500000, 0x00000000c3500000|100%| O|  |TAMS 0x00000000c3400000| PB 0x00000000c3400000| Untracked 
|  53|0x00000000c3500000, 0x00000000c3600000, 0x00000000c3600000|100%| O|  |TAMS 0x00000000c3500000| PB 0x00000000c3500000| Untracked 
|  54|0x00000000c3600000, 0x00000000c3700000, 0x00000000c3700000|100%|HS|  |TAMS 0x00000000c3600000| PB 0x00000000c3600000| Complete 
|  55|0x00000000c3700000, 0x00000000c3800000, 0x00000000c3800000|100%|HC|  |TAMS 0x00000000c3700000| PB 0x00000000c3700000| Complete 
|  56|0x00000000c3800000, 0x00000000c3900000, 0x00000000c3900000|100%|HC|  |TAMS 0x00000000c3800000| PB 0x00000000c3800000| Complete 
|  57|0x00000000c3900000, 0x00000000c3a00000, 0x00000000c3a00000|100%|HC|  |TAMS 0x00000000c3900000| PB 0x00000000c3900000| Complete 
|  58|0x00000000c3a00000, 0x00000000c3b00000, 0x00000000c3b00000|100%|HC|  |TAMS 0x00000000c3a00000| PB 0x00000000c3a00000| Complete 
|  59|0x00000000c3b00000, 0x00000000c3c00000, 0x00000000c3c00000|100%|HC|  |TAMS 0x00000000c3b00000| PB 0x00000000c3b00000| Complete 
|  60|0x00000000c3c00000, 0x00000000c3d00000, 0x00000000c3d00000|100%|HS|  |TAMS 0x00000000c3c00000| PB 0x00000000c3c00000| Complete 
|  61|0x00000000c3d00000, 0x00000000c3e00000, 0x00000000c3e00000|100%|HS|  |TAMS 0x00000000c3d00000| PB 0x00000000c3d00000| Complete 
|  62|0x00000000c3e00000, 0x00000000c3f00000, 0x00000000c3f00000|100%|HS|  |TAMS 0x00000000c3e00000| PB 0x00000000c3e00000| Complete 
|  63|0x00000000c3f00000, 0x00000000c4000000, 0x00000000c4000000|100%|HC|  |TAMS 0x00000000c3f00000| PB 0x00000000c3f00000| Complete 
|  64|0x00000000c4000000, 0x00000000c4100000, 0x00000000c4100000|100%|HS|  |TAMS 0x00000000c4000000| PB 0x00000000c4000000| Complete 
|  65|0x00000000c4100000, 0x00000000c4200000, 0x00000000c4200000|100%|HS|  |TAMS 0x00000000c4100000| PB 0x00000000c4100000| Complete 
|  66|0x00000000c4200000, 0x00000000c4300000, 0x00000000c4300000|100%|HC|  |TAMS 0x00000000c4200000| PB 0x00000000c4200000| Complete 
|  67|0x00000000c4300000, 0x00000000c4400000, 0x00000000c4400000|100%|HC|  |TAMS 0x00000000c4300000| PB 0x00000000c4300000| Complete 
|  68|0x00000000c4400000, 0x00000000c4500000, 0x00000000c4500000|100%|HC|  |TAMS 0x00000000c4400000| PB 0x00000000c4400000| Complete 
|  69|0x00000000c4500000, 0x00000000c4600000, 0x00000000c4600000|100%| O|  |TAMS 0x00000000c4500000| PB 0x00000000c4500000| Untracked 
|  70|0x00000000c4600000, 0x00000000c4700000, 0x00000000c4700000|100%| O|  |TAMS 0x00000000c4600000| PB 0x00000000c4600000| Untracked 
|  71|0x00000000c4700000, 0x00000000c4800000, 0x00000000c4800000|100%| O|  |TAMS 0x00000000c4700000| PB 0x00000000c4700000| Untracked 
|  72|0x00000000c4800000, 0x00000000c4900000, 0x00000000c4900000|100%| O|  |TAMS 0x00000000c4800000| PB 0x00000000c4800000| Untracked 
|  73|0x00000000c4900000, 0x00000000c4a00000, 0x00000000c4a00000|100%| O|  |TAMS 0x00000000c4900000| PB 0x00000000c4900000| Untracked 
|  74|0x00000000c4a00000, 0x00000000c4b00000, 0x00000000c4b00000|100%| O|  |TAMS 0x00000000c4a00000| PB 0x00000000c4a00000| Untracked 
|  75|0x00000000c4b00000, 0x00000000c4c00000, 0x00000000c4c00000|100%| O|  |TAMS 0x00000000c4b00000| PB 0x00000000c4b00000| Untracked 
|  76|0x00000000c4c00000, 0x00000000c4d00000, 0x00000000c4d00000|100%| O|  |TAMS 0x00000000c4c00000| PB 0x00000000c4c00000| Untracked 
|  77|0x00000000c4d00000, 0x00000000c4e00000, 0x00000000c4e00000|100%| O|  |TAMS 0x00000000c4d00000| PB 0x00000000c4d00000| Untracked 
|  78|0x00000000c4e00000, 0x00000000c4f00000, 0x00000000c4f00000|100%| O|  |TAMS 0x00000000c4e00000| PB 0x00000000c4e00000| Untracked 
|  79|0x00000000c4f00000, 0x00000000c5000000, 0x00000000c5000000|100%| O|  |TAMS 0x00000000c4f00000| PB 0x00000000c4f00000| Untracked 
|  80|0x00000000c5000000, 0x00000000c5100000, 0x00000000c5100000|100%| O|  |TAMS 0x00000000c5000000| PB 0x00000000c5000000| Untracked 
|  81|0x00000000c5100000, 0x00000000c5200000, 0x00000000c5200000|100%| O|  |TAMS 0x00000000c5100000| PB 0x00000000c5100000| Untracked 
|  82|0x00000000c5200000, 0x00000000c5300000, 0x00000000c5300000|100%| O|  |TAMS 0x00000000c5200000| PB 0x00000000c5200000| Untracked 
|  83|0x00000000c5300000, 0x00000000c5400000, 0x00000000c5400000|100%| O|  |TAMS 0x00000000c5300000| PB 0x00000000c5300000| Untracked 
|  84|0x00000000c5400000, 0x00000000c5500000, 0x00000000c5500000|100%| O|  |TAMS 0x00000000c5400000| PB 0x00000000c5400000| Untracked 
|  85|0x00000000c5500000, 0x00000000c5600000, 0x00000000c5600000|100%| O|  |TAMS 0x00000000c5500000| PB 0x00000000c5500000| Untracked 
|  86|0x00000000c5600000, 0x00000000c5700000, 0x00000000c5700000|100%| O|  |TAMS 0x00000000c5600000| PB 0x00000000c5600000| Untracked 
|  87|0x00000000c5700000, 0x00000000c5800000, 0x00000000c5800000|100%| O|  |TAMS 0x00000000c5700000| PB 0x00000000c5700000| Untracked 
|  88|0x00000000c5800000, 0x00000000c5900000, 0x00000000c5900000|100%| O|  |TAMS 0x00000000c5800000| PB 0x00000000c5800000| Untracked 
|  89|0x00000000c5900000, 0x00000000c5a00000, 0x00000000c5a00000|100%| O|  |TAMS 0x00000000c5900000| PB 0x00000000c5900000| Untracked 
|  90|0x00000000c5a00000, 0x00000000c5b00000, 0x00000000c5b00000|100%|HS|  |TAMS 0x00000000c5a00000| PB 0x00000000c5a00000| Complete 
|  91|0x00000000c5b00000, 0x00000000c5c00000, 0x00000000c5c00000|100%|HC|  |TAMS 0x00000000c5b00000| PB 0x00000000c5b00000| Complete 
|  92|0x00000000c5c00000, 0x00000000c5d00000, 0x00000000c5d00000|100%|HS|  |TAMS 0x00000000c5c00000| PB 0x00000000c5c00000| Complete 
|  93|0x00000000c5d00000, 0x00000000c5e00000, 0x00000000c5e00000|100%| O|Cm|TAMS 0x00000000c5d00000| PB 0x00000000c5d00000| Complete 
|  94|0x00000000c5e00000, 0x00000000c5f00000, 0x00000000c5f00000|100%| O|Cm|TAMS 0x00000000c5e00000| PB 0x00000000c5e00000| Complete 
|  95|0x00000000c5f00000, 0x00000000c6000000, 0x00000000c6000000|100%|HS|  |TAMS 0x00000000c5f00000| PB 0x00000000c5f00000| Complete 
|  96|0x00000000c6000000, 0x00000000c6000000, 0x00000000c6100000|  0%| F|  |TAMS 0x00000000c6000000| PB 0x00000000c6000000| Untracked 
|  97|0x00000000c6100000, 0x00000000c6100000, 0x00000000c6200000|  0%| F|  |TAMS 0x00000000c6100000| PB 0x00000000c6100000| Untracked 
|  98|0x00000000c6200000, 0x00000000c6200000, 0x00000000c6300000|  0%| F|  |TAMS 0x00000000c6200000| PB 0x00000000c6200000| Untracked 
|  99|0x00000000c6300000, 0x00000000c6300000, 0x00000000c6400000|  0%| F|  |TAMS 0x00000000c6300000| PB 0x00000000c6300000| Untracked 
| 100|0x00000000c6400000, 0x00000000c6400000, 0x00000000c6500000|  0%| F|  |TAMS 0x00000000c6400000| PB 0x00000000c6400000| Untracked 
| 101|0x00000000c6500000, 0x00000000c6500000, 0x00000000c6600000|  0%| F|  |TAMS 0x00000000c6500000| PB 0x00000000c6500000| Untracked 
| 102|0x00000000c6600000, 0x00000000c6600000, 0x00000000c6700000|  0%| F|  |TAMS 0x00000000c6600000| PB 0x00000000c6600000| Untracked 
| 103|0x00000000c6700000, 0x00000000c6800000, 0x00000000c6800000|100%| O|  |TAMS 0x00000000c6700000| PB 0x00000000c6700000| Untracked 
| 104|0x00000000c6800000, 0x00000000c6900000, 0x00000000c6900000|100%| O|  |TAMS 0x00000000c6800000| PB 0x00000000c6800000| Untracked 
| 105|0x00000000c6900000, 0x00000000c6a00000, 0x00000000c6a00000|100%| O|  |TAMS 0x00000000c6900000| PB 0x00000000c6900000| Untracked 
| 106|0x00000000c6a00000, 0x00000000c6aee530, 0x00000000c6b00000| 93%| O|  |TAMS 0x00000000c6a00000| PB 0x00000000c6a00000| Untracked 
| 107|0x00000000c6b00000, 0x00000000c6b00000, 0x00000000c6c00000|  0%| F|  |TAMS 0x00000000c6b00000| PB 0x00000000c6b00000| Untracked 
| 108|0x00000000c6c00000, 0x00000000c6c00000, 0x00000000c6d00000|  0%| F|  |TAMS 0x00000000c6c00000| PB 0x00000000c6c00000| Untracked 
| 109|0x00000000c6d00000, 0x00000000c6d00000, 0x00000000c6e00000|  0%| F|  |TAMS 0x00000000c6d00000| PB 0x00000000c6d00000| Untracked 
| 110|0x00000000c6e00000, 0x00000000c6e00000, 0x00000000c6f00000|  0%| F|  |TAMS 0x00000000c6e00000| PB 0x00000000c6e00000| Untracked 
| 111|0x00000000c6f00000, 0x00000000c6f00000, 0x00000000c7000000|  0%| F|  |TAMS 0x00000000c6f00000| PB 0x00000000c6f00000| Untracked 
| 112|0x00000000c7000000, 0x00000000c7000000, 0x00000000c7100000|  0%| F|  |TAMS 0x00000000c7000000| PB 0x00000000c7000000| Untracked 
| 113|0x00000000c7100000, 0x00000000c7100000, 0x00000000c7200000|  0%| F|  |TAMS 0x00000000c7100000| PB 0x00000000c7100000| Untracked 
| 114|0x00000000c7200000, 0x00000000c7200000, 0x00000000c7300000|  0%| F|  |TAMS 0x00000000c7200000| PB 0x00000000c7200000| Untracked 
| 115|0x00000000c7300000, 0x00000000c7300000, 0x00000000c7400000|  0%| F|  |TAMS 0x00000000c7300000| PB 0x00000000c7300000| Untracked 
| 116|0x00000000c7400000, 0x00000000c7400000, 0x00000000c7500000|  0%| F|  |TAMS 0x00000000c7400000| PB 0x00000000c7400000| Untracked 
| 117|0x00000000c7500000, 0x00000000c7500000, 0x00000000c7600000|  0%| F|  |TAMS 0x00000000c7500000| PB 0x00000000c7500000| Untracked 
| 118|0x00000000c7600000, 0x00000000c7600000, 0x00000000c7700000|  0%| F|  |TAMS 0x00000000c7600000| PB 0x00000000c7600000| Untracked 
| 119|0x00000000c7700000, 0x00000000c7700000, 0x00000000c7800000|  0%| F|  |TAMS 0x00000000c7700000| PB 0x00000000c7700000| Untracked 
| 120|0x00000000c7800000, 0x00000000c7800000, 0x00000000c7900000|  0%| F|  |TAMS 0x00000000c7800000| PB 0x00000000c7800000| Untracked 
| 121|0x00000000c7900000, 0x00000000c7900000, 0x00000000c7a00000|  0%| F|  |TAMS 0x00000000c7900000| PB 0x00000000c7900000| Untracked 
| 122|0x00000000c7a00000, 0x00000000c7a00000, 0x00000000c7b00000|  0%| F|  |TAMS 0x00000000c7a00000| PB 0x00000000c7a00000| Untracked 
| 123|0x00000000c7b00000, 0x00000000c7b00000, 0x00000000c7c00000|  0%| F|  |TAMS 0x00000000c7b00000| PB 0x00000000c7b00000| Untracked 
| 124|0x00000000c7c00000, 0x00000000c7c00000, 0x00000000c7d00000|  0%| F|  |TAMS 0x00000000c7c00000| PB 0x00000000c7c00000| Untracked 
| 125|0x00000000c7d00000, 0x00000000c7d00000, 0x00000000c7e00000|  0%| F|  |TAMS 0x00000000c7d00000| PB 0x00000000c7d00000| Untracked 
| 126|0x00000000c7e00000, 0x00000000c7e00000, 0x00000000c7f00000|  0%| F|  |TAMS 0x00000000c7e00000| PB 0x00000000c7e00000| Untracked 
| 127|0x00000000c7f00000, 0x00000000c7f00000, 0x00000000c8000000|  0%| F|  |TAMS 0x00000000c7f00000| PB 0x00000000c7f00000| Untracked 
| 128|0x00000000c8000000, 0x00000000c8000000, 0x00000000c8100000|  0%| F|  |TAMS 0x00000000c8000000| PB 0x00000000c8000000| Untracked 
| 129|0x00000000c8100000, 0x00000000c8100000, 0x00000000c8200000|  0%| F|  |TAMS 0x00000000c8100000| PB 0x00000000c8100000| Untracked 
| 130|0x00000000c8200000, 0x00000000c8200000, 0x00000000c8300000|  0%| F|  |TAMS 0x00000000c8200000| PB 0x00000000c8200000| Untracked 
| 131|0x00000000c8300000, 0x00000000c8300000, 0x00000000c8400000|  0%| F|  |TAMS 0x00000000c8300000| PB 0x00000000c8300000| Untracked 
| 132|0x00000000c8400000, 0x00000000c8400000, 0x00000000c8500000|  0%| F|  |TAMS 0x00000000c8400000| PB 0x00000000c8400000| Untracked 
| 133|0x00000000c8500000, 0x00000000c8500000, 0x00000000c8600000|  0%| F|  |TAMS 0x00000000c8500000| PB 0x00000000c8500000| Untracked 
| 134|0x00000000c8600000, 0x00000000c8600000, 0x00000000c8700000|  0%| F|  |TAMS 0x00000000c8600000| PB 0x00000000c8600000| Untracked 
| 135|0x00000000c8700000, 0x00000000c8700000, 0x00000000c8800000|  0%| F|  |TAMS 0x00000000c8700000| PB 0x00000000c8700000| Untracked 
| 136|0x00000000c8800000, 0x00000000c8800000, 0x00000000c8900000|  0%| F|  |TAMS 0x00000000c8800000| PB 0x00000000c8800000| Untracked 
| 137|0x00000000c8900000, 0x00000000c8900000, 0x00000000c8a00000|  0%| F|  |TAMS 0x00000000c8900000| PB 0x00000000c8900000| Untracked 
| 138|0x00000000c8a00000, 0x00000000c8a00000, 0x00000000c8b00000|  0%| F|  |TAMS 0x00000000c8a00000| PB 0x00000000c8a00000| Untracked 
| 139|0x00000000c8b00000, 0x00000000c8b00000, 0x00000000c8c00000|  0%| F|  |TAMS 0x00000000c8b00000| PB 0x00000000c8b00000| Untracked 
| 140|0x00000000c8c00000, 0x00000000c8c00000, 0x00000000c8d00000|  0%| F|  |TAMS 0x00000000c8c00000| PB 0x00000000c8c00000| Untracked 
| 141|0x00000000c8d00000, 0x00000000c8d00000, 0x00000000c8e00000|  0%| F|  |TAMS 0x00000000c8d00000| PB 0x00000000c8d00000| Untracked 
| 142|0x00000000c8e00000, 0x00000000c8e00000, 0x00000000c8f00000|  0%| F|  |TAMS 0x00000000c8e00000| PB 0x00000000c8e00000| Untracked 
| 143|0x00000000c8f00000, 0x00000000c8f00000, 0x00000000c9000000|  0%| F|  |TAMS 0x00000000c8f00000| PB 0x00000000c8f00000| Untracked 
| 144|0x00000000c9000000, 0x00000000c9000000, 0x00000000c9100000|  0%| F|  |TAMS 0x00000000c9000000| PB 0x00000000c9000000| Untracked 
| 145|0x00000000c9100000, 0x00000000c9100000, 0x00000000c9200000|  0%| F|  |TAMS 0x00000000c9100000| PB 0x00000000c9100000| Untracked 
| 146|0x00000000c9200000, 0x00000000c9200000, 0x00000000c9300000|  0%| F|  |TAMS 0x00000000c9200000| PB 0x00000000c9200000| Untracked 
| 147|0x00000000c9300000, 0x00000000c9300000, 0x00000000c9400000|  0%| F|  |TAMS 0x00000000c9300000| PB 0x00000000c9300000| Untracked 
| 148|0x00000000c9400000, 0x00000000c9400000, 0x00000000c9500000|  0%| F|  |TAMS 0x00000000c9400000| PB 0x00000000c9400000| Untracked 
| 149|0x00000000c9500000, 0x00000000c9500000, 0x00000000c9600000|  0%| F|  |TAMS 0x00000000c9500000| PB 0x00000000c9500000| Untracked 
| 150|0x00000000c9600000, 0x00000000c964e100, 0x00000000c9700000| 30%| S|CS|TAMS 0x00000000c9600000| PB 0x00000000c9600000| Complete 
| 151|0x00000000c9700000, 0x00000000c9800000, 0x00000000c9800000|100%| S|CS|TAMS 0x00000000c9700000| PB 0x00000000c9700000| Complete 
| 152|0x00000000c9800000, 0x00000000c9800000, 0x00000000c9900000|  0%| F|  |TAMS 0x00000000c9800000| PB 0x00000000c9800000| Untracked 
| 153|0x00000000c9900000, 0x00000000c9900000, 0x00000000c9a00000|  0%| F|  |TAMS 0x00000000c9900000| PB 0x00000000c9900000| Untracked 
| 154|0x00000000c9a00000, 0x00000000c9a00000, 0x00000000c9b00000|  0%| F|  |TAMS 0x00000000c9a00000| PB 0x00000000c9a00000| Untracked 
| 155|0x00000000c9b00000, 0x00000000c9b8ed20, 0x00000000c9c00000| 55%| E|  |TAMS 0x00000000c9b00000| PB 0x00000000c9b00000| Complete 
| 156|0x00000000c9c00000, 0x00000000c9d00000, 0x00000000c9d00000|100%| E|CS|TAMS 0x00000000c9c00000| PB 0x00000000c9c00000| Complete 
| 157|0x00000000c9d00000, 0x00000000c9e00000, 0x00000000c9e00000|100%| E|CS|TAMS 0x00000000c9d00000| PB 0x00000000c9d00000| Complete 
| 158|0x00000000c9e00000, 0x00000000c9f00000, 0x00000000c9f00000|100%| E|CS|TAMS 0x00000000c9e00000| PB 0x00000000c9e00000| Complete 
| 159|0x00000000c9f00000, 0x00000000ca000000, 0x00000000ca000000|100%| E|CS|TAMS 0x00000000c9f00000| PB 0x00000000c9f00000| Complete 
| 160|0x00000000ca000000, 0x00000000ca100000, 0x00000000ca100000|100%| E|CS|TAMS 0x00000000ca000000| PB 0x00000000ca000000| Complete 
| 161|0x00000000ca100000, 0x00000000ca200000, 0x00000000ca200000|100%| E|CS|TAMS 0x00000000ca100000| PB 0x00000000ca100000| Complete 
| 162|0x00000000ca200000, 0x00000000ca300000, 0x00000000ca300000|100%| E|CS|TAMS 0x00000000ca200000| PB 0x00000000ca200000| Complete 
| 163|0x00000000ca300000, 0x00000000ca400000, 0x00000000ca400000|100%| E|CS|TAMS 0x00000000ca300000| PB 0x00000000ca300000| Complete 
| 164|0x00000000ca400000, 0x00000000ca500000, 0x00000000ca500000|100%| E|CS|TAMS 0x00000000ca400000| PB 0x00000000ca400000| Complete 
| 165|0x00000000ca500000, 0x00000000ca600000, 0x00000000ca600000|100%| E|CS|TAMS 0x00000000ca500000| PB 0x00000000ca500000| Complete 
| 166|0x00000000ca600000, 0x00000000ca700000, 0x00000000ca700000|100%| E|CS|TAMS 0x00000000ca600000| PB 0x00000000ca600000| Complete 
| 167|0x00000000ca700000, 0x00000000ca800000, 0x00000000ca800000|100%| E|CS|TAMS 0x00000000ca700000| PB 0x00000000ca700000| Complete 
| 168|0x00000000ca800000, 0x00000000ca900000, 0x00000000ca900000|100%| E|CS|TAMS 0x00000000ca800000| PB 0x00000000ca800000| Complete 
| 169|0x00000000ca900000, 0x00000000caa00000, 0x00000000caa00000|100%| E|CS|TAMS 0x00000000ca900000| PB 0x00000000ca900000| Complete 
| 170|0x00000000caa00000, 0x00000000cab00000, 0x00000000cab00000|100%| E|CS|TAMS 0x00000000caa00000| PB 0x00000000caa00000| Complete 
| 171|0x00000000cab00000, 0x00000000cac00000, 0x00000000cac00000|100%| E|CS|TAMS 0x00000000cab00000| PB 0x00000000cab00000| Complete 
| 172|0x00000000cac00000, 0x00000000cad00000, 0x00000000cad00000|100%| E|CS|TAMS 0x00000000cac00000| PB 0x00000000cac00000| Complete 
| 173|0x00000000cad00000, 0x00000000cae00000, 0x00000000cae00000|100%| E|CS|TAMS 0x00000000cad00000| PB 0x00000000cad00000| Complete 
| 174|0x00000000cae00000, 0x00000000caf00000, 0x00000000caf00000|100%| E|CS|TAMS 0x00000000cae00000| PB 0x00000000cae00000| Complete 
| 175|0x00000000caf00000, 0x00000000cb000000, 0x00000000cb000000|100%| E|CS|TAMS 0x00000000caf00000| PB 0x00000000caf00000| Complete 
| 176|0x00000000cb000000, 0x00000000cb100000, 0x00000000cb100000|100%| E|CS|TAMS 0x00000000cb000000| PB 0x00000000cb000000| Complete 
| 177|0x00000000cb100000, 0x00000000cb200000, 0x00000000cb200000|100%| E|CS|TAMS 0x00000000cb100000| PB 0x00000000cb100000| Complete 
| 178|0x00000000cb200000, 0x00000000cb300000, 0x00000000cb300000|100%| E|CS|TAMS 0x00000000cb200000| PB 0x00000000cb200000| Complete 
| 179|0x00000000cb300000, 0x00000000cb400000, 0x00000000cb400000|100%| E|CS|TAMS 0x00000000cb300000| PB 0x00000000cb300000| Complete 
| 180|0x00000000cb400000, 0x00000000cb500000, 0x00000000cb500000|100%| E|CS|TAMS 0x00000000cb400000| PB 0x00000000cb400000| Complete 
| 181|0x00000000cb500000, 0x00000000cb600000, 0x00000000cb600000|100%| E|CS|TAMS 0x00000000cb500000| PB 0x00000000cb500000| Complete 
| 182|0x00000000cb600000, 0x00000000cb700000, 0x00000000cb700000|100%| E|CS|TAMS 0x00000000cb600000| PB 0x00000000cb600000| Complete 
| 183|0x00000000cb700000, 0x00000000cb800000, 0x00000000cb800000|100%| E|CS|TAMS 0x00000000cb700000| PB 0x00000000cb700000| Complete 
| 184|0x00000000cb800000, 0x00000000cb900000, 0x00000000cb900000|100%| E|CS|TAMS 0x00000000cb800000| PB 0x00000000cb800000| Complete 
| 185|0x00000000cb900000, 0x00000000cba00000, 0x00000000cba00000|100%| E|CS|TAMS 0x00000000cb900000| PB 0x00000000cb900000| Complete 
| 186|0x00000000cba00000, 0x00000000cbb00000, 0x00000000cbb00000|100%| E|CS|TAMS 0x00000000cba00000| PB 0x00000000cba00000| Complete 
| 251|0x00000000cfb00000, 0x00000000cfc00000, 0x00000000cfc00000|100%| E|CS|TAMS 0x00000000cfb00000| PB 0x00000000cfb00000| Complete 
|1005|0x00000000fed00000, 0x00000000fee00000, 0x00000000fee00000|100%| O|  |TAMS 0x00000000fed00000| PB 0x00000000fed00000| Untracked 
|1006|0x00000000fee00000, 0x00000000fef00000, 0x00000000fef00000|100%| O|  |TAMS 0x00000000fee00000| PB 0x00000000fee00000| Untracked 
|1007|0x00000000fef00000, 0x00000000ff000000, 0x00000000ff000000|100%| O|  |TAMS 0x00000000fef00000| PB 0x00000000fef00000| Untracked 
|1008|0x00000000ff000000, 0x00000000ff100000, 0x00000000ff100000|100%| O|  |TAMS 0x00000000ff000000| PB 0x00000000ff000000| Untracked 
|1009|0x00000000ff100000, 0x00000000ff200000, 0x00000000ff200000|100%| O|  |TAMS 0x00000000ff100000| PB 0x00000000ff100000| Untracked 
|1010|0x00000000ff200000, 0x00000000ff300000, 0x00000000ff300000|100%| O|  |TAMS 0x00000000ff200000| PB 0x00000000ff200000| Untracked 
|1011|0x00000000ff300000, 0x00000000ff400000, 0x00000000ff400000|100%| O|  |TAMS 0x00000000ff300000| PB 0x00000000ff300000| Untracked 
|1012|0x00000000ff400000, 0x00000000ff500000, 0x00000000ff500000|100%| E|CS|TAMS 0x00000000ff400000| PB 0x00000000ff400000| Complete 
|1013|0x00000000ff500000, 0x00000000ff600000, 0x00000000ff600000|100%| O|  |TAMS 0x00000000ff500000| PB 0x00000000ff500000| Untracked 
|1014|0x00000000ff600000, 0x00000000ff700000, 0x00000000ff700000|100%| O|  |TAMS 0x00000000ff600000| PB 0x00000000ff600000| Untracked 
|1015|0x00000000ff700000, 0x00000000ff800000, 0x00000000ff800000|100%| O|  |TAMS 0x00000000ff700000| PB 0x00000000ff700000| Untracked 
|1016|0x00000000ff800000, 0x00000000ff900000, 0x00000000ff900000|100%| O|  |TAMS 0x00000000ff800000| PB 0x00000000ff800000| Untracked 
|1017|0x00000000ff900000, 0x00000000ffa00000, 0x00000000ffa00000|100%| O|  |TAMS 0x00000000ff900000| PB 0x00000000ff900000| Untracked 
|1018|0x00000000ffa00000, 0x00000000ffb00000, 0x00000000ffb00000|100%| O|  |TAMS 0x00000000ffa00000| PB 0x00000000ffa00000| Untracked 
|1019|0x00000000ffb00000, 0x00000000ffc00000, 0x00000000ffc00000|100%| O|  |TAMS 0x00000000ffb00000| PB 0x00000000ffb00000| Untracked 
|1020|0x00000000ffc00000, 0x00000000ffd00000, 0x00000000ffd00000|100%| O|  |TAMS 0x00000000ffc00000| PB 0x00000000ffc00000| Untracked 
|1021|0x00000000ffd00000, 0x00000000ffe00000, 0x00000000ffe00000|100%| O|  |TAMS 0x00000000ffd00000| PB 0x00000000ffd00000| Untracked 
|1022|0x00000000ffe00000, 0x00000000fff00000, 0x00000000fff00000|100%| O|  |TAMS 0x00000000ffe00000| PB 0x00000000ffe00000| Untracked 
|1023|0x00000000fff00000, 0x0000000100000000, 0x0000000100000000|100%| O|  |TAMS 0x00000000fff00000| PB 0x00000000fff00000| Untracked 

Card table byte_map: [0x0000026c97d50000,0x0000026c97f50000] _byte_map_base: 0x0000026c97750000

Marking Bits: (CMBitMap*) 0x0000026cfe3b6b70
 Bits: [0x0000026c97f50000, 0x0000026c98f50000)

Polling page: 0x0000026cfe0a0000

Metaspace:

Usage:
  Non-class:     94.01 MB used.
      Class:     14.13 MB used.
       Both:    108.14 MB used.

Virtual space:
  Non-class space:      128.00 MB reserved,      95.12 MB ( 74%) committed,  2 nodes.
      Class space:        1.00 GB reserved,      15.25 MB (  1%) committed,  1 nodes.
             Both:        1.12 GB reserved,     110.38 MB ( 10%) committed. 

Chunk freelists:
   Non-Class:  560.00 KB
       Class:  608.00 KB
        Both:  1.14 MB

MaxMetaspaceSize: unlimited
CompressedClassSpaceSize: 1.00 GB
Initial GC threshold: 21.00 MB
Current GC threshold: 179.19 MB
CDS: on
 - commit_granule_bytes: 65536.
 - commit_granule_words: 8192.
 - virtual_space_node_default_size: 8388608.
 - enlarge_chunks_in_place: 1.
 - use_allocation_guard: 0.


Internal statistics:

num_allocs_failed_limit: 9.
num_arena_births: 3938.
num_arena_deaths: 0.
num_vsnodes_births: 3.
num_vsnodes_deaths: 0.
num_space_committed: 1764.
num_space_uncommitted: 0.
num_chunks_returned_to_freelist: 9.
num_chunks_taken_from_freelist: 8455.
num_chunk_merges: 9.
num_chunk_splits: 6057.
num_chunks_enlarged: 4273.
num_inconsistent_stats: 0.

CodeHeap 'non-profiled nmethods': size=120000Kb used=4747Kb max_used=4852Kb free=115252Kb
 bounds [0x0000026c8feb0000, 0x0000026c90370000, 0x0000026c973e0000]
CodeHeap 'profiled nmethods': size=120000Kb used=15795Kb max_used=15996Kb free=104204Kb
 bounds [0x0000026c883e0000, 0x0000026c89380000, 0x0000026c8f910000]
CodeHeap 'non-nmethods': size=5760Kb used=2556Kb max_used=2586Kb free=3203Kb
 bounds [0x0000026c8f910000, 0x0000026c8fba0000, 0x0000026c8feb0000]
 total_blobs=9340 nmethods=8378 adapters=865
 compilation: enabled
              stopped_count=0, restarted_count=0
 full_count=0

Compilation events (20 events):
Event: 22.740 Thread 0x0000026ce102b6f0 nmethod 10027 0x0000026c884fc310 code [0x0000026c884fc660, 0x0000026c884fdf20]
Event: 22.740 Thread 0x0000026ce102b6f0 10028       3       java.lang.reflect.ProxyGenerator$ProxyMethod::codeFieldInitialization (159 bytes)
Event: 22.741 Thread 0x0000026cf52d1030 10004       4       sun.util.locale.LocaleUtils::toLowerString (95 bytes)
Event: 22.741 Thread 0x0000026ce102b6f0 nmethod 10028 0x0000026c88adac10 code [0x0000026c88adaec0, 0x0000026c88adb9c0]
Event: 22.741 Thread 0x0000026ce102b6f0 10029       3       org.gradle.internal.snapshot.impl.AbstractValueProcessor::processValue (775 bytes)
Event: 22.744 Thread 0x0000026ce102b6f0 nmethod 10029 0x0000026c88f26910 code [0x0000026c88f273c0, 0x0000026c88f2e800]
Event: 22.744 Thread 0x0000026ce102b6f0 10030       1       org.gradle.api.internal.provider.AbstractProperty$NonFinalizedValue::setConvention (6 bytes)
Event: 22.744 Thread 0x0000026ce102b6f0 nmethod 10030 0x0000026c8ff7ef10 code [0x0000026c8ff7f0a0, 0x0000026c8ff7f1b0]
Event: 22.748 Thread 0x0000026cf52d1030 nmethod 10004 0x0000026c8ff76510 code [0x0000026c8ff76700, 0x0000026c8ff76ec8]
Event: 22.748 Thread 0x0000026cf52d1030 10017       4       sun.util.locale.BaseLocale::getInstance (150 bytes)
Event: 22.785 Thread 0x0000026ce102b6f0 10032       3       org.gradle.internal.instantiation.generator.AsmBackedClassGenerator$ClassBuilderImpl::access$4300 (4 bytes)
Event: 22.785 Thread 0x0000026ce102b6f0 nmethod 10032 0x0000026c88e69990 code [0x0000026c88e69b20, 0x0000026c88e69c18]
Event: 22.785 Thread 0x0000026ce102b6f0 10033       3       org.objectweb.asm.Frame::addInitializedType (77 bytes)
Event: 22.786 Thread 0x0000026ce102b6f0 nmethod 10033 0x0000026c88988710 code [0x0000026c889888e0, 0x0000026c88988df8]
Event: 22.797 Thread 0x0000026cf52d1030 nmethod 10017 0x0000026c90013e10 code [0x0000026c90014280, 0x0000026c900164a0]
Event: 22.800 Thread 0x0000026cf52d1030 10026       4       org.objectweb.asm.Label::<init> (5 bytes)
Event: 22.800 Thread 0x0000026cf52d1030 nmethod 10026 0x0000026c8ff75e10 code [0x0000026c8ff75fa0, 0x0000026c8ff76028]
Event: 22.810 Thread 0x0000026ce102b6f0 10034       3       com.google.common.collect.MapMakerInternalMap$Segment::copyEntry (19 bytes)
Event: 22.811 Thread 0x0000026ce102b6f0 nmethod 10034 0x0000026c88da7090 code [0x0000026c88da7260, 0x0000026c88da7520]
Event: 22.811 Thread 0x0000026ce102b6f0 10035       3       com.google.common.collect.MapMakerInternalMap$StrongKeyWeakValueEntry::getValue (10 bytes)

GC Heap History (20 events):
Event: 17.624 GC heap before
{Heap before GC invocations=20 (full 0):
 garbage-first heap   total 132096K, used 74880K [0x00000000c0000000, 0x0000000100000000)
  region size 1024K, 4 young (4096K), 3 survivors (3072K)
 Metaspace       used 69664K, committed 71360K, reserved 1114112K
  class space    used 9922K, committed 10752K, reserved 1048576K
}
Event: 17.627 GC heap after
{Heap after GC invocations=21 (full 0):
 garbage-first heap   total 132096K, used 74647K [0x00000000c0000000, 0x0000000100000000)
  region size 1024K, 3 young (3072K), 3 survivors (3072K)
 Metaspace       used 69664K, committed 71360K, reserved 1114112K
  class space    used 9922K, committed 10752K, reserved 1048576K
}
Event: 18.126 GC heap before
{Heap before GC invocations=22 (full 0):
 garbage-first heap   total 145408K, used 129943K [0x00000000c0000000, 0x0000000100000000)
  region size 1024K, 41 young (41984K), 3 survivors (3072K)
 Metaspace       used 72179K, committed 73920K, reserved 1114112K
  class space    used 10176K, committed 11008K, reserved 1048576K
}
Event: 18.130 GC heap after
{Heap after GC invocations=23 (full 0):
 garbage-first heap   total 145408K, used 96975K [0x00000000c0000000, 0x0000000100000000)
  region size 1024K, 6 young (6144K), 6 survivors (6144K)
 Metaspace       used 72179K, committed 73920K, reserved 1114112K
  class space    used 10176K, committed 11008K, reserved 1048576K
}
Event: 18.474 GC heap before
{Heap before GC invocations=23 (full 0):
 garbage-first heap   total 145408K, used 129743K [0x00000000c0000000, 0x0000000100000000)
  region size 1024K, 38 young (38912K), 6 survivors (6144K)
 Metaspace       used 76185K, committed 78144K, reserved 1179648K
  class space    used 10548K, committed 11520K, reserved 1048576K
}
Event: 18.480 GC heap after
{Heap after GC invocations=24 (full 0):
 garbage-first heap   total 145408K, used 99235K [0x00000000c0000000, 0x0000000100000000)
  region size 1024K, 3 young (3072K), 3 survivors (3072K)
 Metaspace       used 76185K, committed 78144K, reserved 1179648K
  class space    used 10548K, committed 11520K, reserved 1048576K
}
Event: 18.872 GC heap before
{Heap before GC invocations=24 (full 0):
 garbage-first heap   total 145408K, used 130979K [0x00000000c0000000, 0x0000000100000000)
  region size 1024K, 34 young (34816K), 3 survivors (3072K)
 Metaspace       used 80006K, committed 82112K, reserved 1179648K
  class space    used 11049K, committed 12096K, reserved 1048576K
}
Event: 18.876 GC heap after
{Heap after GC invocations=25 (full 0):
 garbage-first heap   total 145408K, used 100858K [0x00000000c0000000, 0x0000000100000000)
  region size 1024K, 2 young (2048K), 2 survivors (2048K)
 Metaspace       used 80006K, committed 82112K, reserved 1179648K
  class space    used 11049K, committed 12096K, reserved 1048576K
}
Event: 19.319 GC heap before
{Heap before GC invocations=26 (full 0):
 garbage-first heap   total 176128K, used 132602K [0x00000000c0000000, 0x0000000100000000)
  region size 1024K, 33 young (33792K), 2 survivors (2048K)
 Metaspace       used 83888K, committed 85952K, reserved 1179648K
  class space    used 11495K, committed 12544K, reserved 1048576K
}
Event: 19.325 GC heap after
{Heap after GC invocations=27 (full 0):
 garbage-first heap   total 176128K, used 102522K [0x00000000c0000000, 0x0000000100000000)
  region size 1024K, 4 young (4096K), 4 survivors (4096K)
 Metaspace       used 83888K, committed 85952K, reserved 1179648K
  class space    used 11495K, committed 12544K, reserved 1048576K
}
Event: 19.765 GC heap before
{Heap before GC invocations=27 (full 0):
 garbage-first heap   total 176128K, used 159866K [0x00000000c0000000, 0x0000000100000000)
  region size 1024K, 59 young (60416K), 4 survivors (4096K)
 Metaspace       used 86715K, committed 88768K, reserved 1179648K
  class space    used 11839K, committed 12864K, reserved 1048576K
}
Event: 19.771 GC heap after
{Heap after GC invocations=28 (full 0):
 garbage-first heap   total 176128K, used 105312K [0x00000000c0000000, 0x0000000100000000)
  region size 1024K, 7 young (7168K), 7 survivors (7168K)
 Metaspace       used 86715K, committed 88768K, reserved 1179648K
  class space    used 11839K, committed 12864K, reserved 1048576K
}
Event: 20.452 GC heap before
{Heap before GC invocations=28 (full 0):
 garbage-first heap   total 176128K, used 158560K [0x00000000c0000000, 0x0000000100000000)
  region size 1024K, 59 young (60416K), 7 survivors (7168K)
 Metaspace       used 91837K, committed 93888K, reserved 1179648K
  class space    used 12370K, committed 13376K, reserved 1048576K
}
Event: 20.458 GC heap after
{Heap after GC invocations=29 (full 0):
 garbage-first heap   total 176128K, used 109567K [0x00000000c0000000, 0x0000000100000000)
  region size 1024K, 8 young (8192K), 8 survivors (8192K)
 Metaspace       used 91837K, committed 93888K, reserved 1179648K
  class space    used 12370K, committed 13376K, reserved 1048576K
}
Event: 21.152 GC heap before
{Heap before GC invocations=30 (full 0):
 garbage-first heap   total 189440K, used 156671K [0x00000000c0000000, 0x0000000100000000)
  region size 1024K, 54 young (55296K), 8 survivors (8192K)
 Metaspace       used 98108K, committed 100160K, reserved 1179648K
  class space    used 13066K, committed 14080K, reserved 1048576K
}
Event: 21.158 GC heap after
{Heap after GC invocations=31 (full 0):
 garbage-first heap   total 189440K, used 111495K [0x00000000c0000000, 0x0000000100000000)
  region size 1024K, 3 young (3072K), 3 survivors (3072K)
 Metaspace       used 98108K, committed 100160K, reserved 1179648K
  class space    used 13066K, committed 14080K, reserved 1048576K
}
Event: 22.122 GC heap before
{Heap before GC invocations=31 (full 0):
 garbage-first heap   total 189440K, used 177031K [0x00000000c0000000, 0x0000000100000000)
  region size 1024K, 64 young (65536K), 3 survivors (3072K)
 Metaspace       used 106506K, committed 108736K, reserved 1179648K
  class space    used 13959K, committed 15104K, reserved 1048576K
}
Event: 22.126 GC heap after
{Heap after GC invocations=32 (full 0):
 garbage-first heap   total 189440K, used 119889K [0x00000000c0000000, 0x0000000100000000)
  region size 1024K, 8 young (8192K), 8 survivors (8192K)
 Metaspace       used 106506K, committed 108736K, reserved 1179648K
  class space    used 13959K, committed 15104K, reserved 1048576K
}
Event: 22.304 GC heap before
{Heap before GC invocations=32 (full 0):
 garbage-first heap   total 189440K, used 134225K [0x00000000c0000000, 0x0000000100000000)
  region size 1024K, 23 young (23552K), 8 survivors (8192K)
 Metaspace       used 107610K, committed 109824K, reserved 1179648K
  class space    used 14112K, committed 15232K, reserved 1048576K
}
Event: 22.308 GC heap after
{Heap after GC invocations=33 (full 0):
 garbage-first heap   total 189440K, used 121073K [0x00000000c0000000, 0x0000000100000000)
  region size 1024K, 2 young (2048K), 2 survivors (2048K)
 Metaspace       used 107610K, committed 109824K, reserved 1179648K
  class space    used 14112K, committed 15232K, reserved 1048576K
}

Dll operation events (15 events):
Event: 0.026 Loaded shared library C:\Program Files\Java\jdk-21\bin\java.dll
Event: 0.105 Loaded shared library C:\Program Files\Java\jdk-21\bin\jsvml.dll
Event: 0.250 Loaded shared library C:\Program Files\Java\jdk-21\bin\zip.dll
Event: 0.262 Loaded shared library C:\Program Files\Java\jdk-21\bin\instrument.dll
Event: 0.276 Loaded shared library C:\Program Files\Java\jdk-21\bin\net.dll
Event: 0.280 Loaded shared library C:\Program Files\Java\jdk-21\bin\nio.dll
Event: 0.296 Loaded shared library C:\Program Files\Java\jdk-21\bin\zip.dll
Event: 0.941 Loaded shared library C:\Program Files\Java\jdk-21\bin\jimage.dll
Event: 1.036 Loaded shared library C:\Program Files\Java\jdk-21\bin\verify.dll
Event: 1.215 Loaded shared library C:\Users\Mark Anton Camoro\.gradle\native\c067742578af261105cb4f569cf0c3c89f3d7b1fecec35dd04571415982c5e48\windows-amd64\native-platform.dll
Event: 1.222 Loaded shared library C:\Users\Mark Anton Camoro\.gradle\native\38dada09dfb8b06ba9b0570ebf7e218e3eb74d4ef43ca46872605cf95ebc2f47\windows-amd64\native-platform-file-events.dll
Event: 2.094 Loaded shared library C:\Program Files\Java\jdk-21\bin\management.dll
Event: 2.096 Loaded shared library C:\Program Files\Java\jdk-21\bin\management_ext.dll
Event: 2.300 Loaded shared library C:\Program Files\Java\jdk-21\bin\extnet.dll
Event: 2.431 Loaded shared library C:\Program Files\Java\jdk-21\bin\sunmscapi.dll

Deoptimization events (20 events):
Event: 22.674 Thread 0x0000026ce2ac4f00 Uncommon trap: trap_request=0xffffffde fr.pc=0x0000026c9031d990 relative=0x0000000000006cb0
Event: 22.674 Thread 0x0000026ce2ac4f00 Uncommon trap: reason=class_check action=maybe_recompile pc=0x0000026c9031d990 method=java.util.jar.JarFile.getManifestFromReference()Ljava/util/jar/Manifest; @ 152 c2
Event: 22.674 Thread 0x0000026ce2ac4f00 DEOPT PACKING pc=0x0000026c9031d990 sp=0x0000008d30ef69b0
Event: 22.674 Thread 0x0000026ce2ac4f00 DEOPT UNPACKING pc=0x0000026c8f967da2 sp=0x0000008d30ef68e0 mode 2
Event: 22.709 Thread 0x0000026ce2ac4f00 Uncommon trap: trap_request=0xffffffde fr.pc=0x0000026c8ffa7be4 relative=0x00000000000003c4
Event: 22.709 Thread 0x0000026ce2ac4f00 Uncommon trap: reason=class_check action=maybe_recompile pc=0x0000026c8ffa7be4 method=java.util.stream.AbstractPipeline.copyIntoWithCancel(Ljava/util/stream/Sink;Ljava/util/Spliterator;)Z @ 32 c2
Event: 22.709 Thread 0x0000026ce2ac4f00 DEOPT PACKING pc=0x0000026c8ffa7be4 sp=0x0000008d30ef6520
Event: 22.709 Thread 0x0000026ce2ac4f00 DEOPT UNPACKING pc=0x0000026c8f967da2 sp=0x0000008d30ef63e0 mode 2
Event: 22.709 Thread 0x0000026ce2ac4f00 Uncommon trap: trap_request=0xffffffde fr.pc=0x0000026c8ffa7be4 relative=0x00000000000003c4
Event: 22.709 Thread 0x0000026ce2ac4f00 Uncommon trap: reason=class_check action=maybe_recompile pc=0x0000026c8ffa7be4 method=java.util.stream.AbstractPipeline.copyIntoWithCancel(Ljava/util/stream/Sink;Ljava/util/Spliterator;)Z @ 32 c2
Event: 22.709 Thread 0x0000026ce2ac4f00 DEOPT PACKING pc=0x0000026c8ffa7be4 sp=0x0000008d30ef6520
Event: 22.709 Thread 0x0000026ce2ac4f00 DEOPT UNPACKING pc=0x0000026c8f967da2 sp=0x0000008d30ef63e0 mode 2
Event: 22.709 Thread 0x0000026ce2ac4f00 Uncommon trap: trap_request=0xffffffde fr.pc=0x0000026c8ffa7be4 relative=0x00000000000003c4
Event: 22.709 Thread 0x0000026ce2ac4f00 Uncommon trap: reason=class_check action=maybe_recompile pc=0x0000026c8ffa7be4 method=java.util.stream.AbstractPipeline.copyIntoWithCancel(Ljava/util/stream/Sink;Ljava/util/Spliterator;)Z @ 32 c2
Event: 22.709 Thread 0x0000026ce2ac4f00 DEOPT PACKING pc=0x0000026c8ffa7be4 sp=0x0000008d30ef6520
Event: 22.709 Thread 0x0000026ce2ac4f00 DEOPT UNPACKING pc=0x0000026c8f967da2 sp=0x0000008d30ef63e0 mode 2
Event: 22.730 Thread 0x0000026ce2ac4f00 Uncommon trap: trap_request=0xffffff45 fr.pc=0x0000026c903414dc relative=0x00000000000004bc
Event: 22.730 Thread 0x0000026ce2ac4f00 Uncommon trap: reason=unstable_if action=reinterpret pc=0x0000026c903414dc method=org.gradle.internal.service.DefaultServiceRegistry$OwnServices.getService(Ljava/lang/reflect/Type;)Lorg/gradle/internal/service/Service; @ 27 c2
Event: 22.730 Thread 0x0000026ce2ac4f00 DEOPT PACKING pc=0x0000026c903414dc sp=0x0000008d30ef76b0
Event: 22.730 Thread 0x0000026ce2ac4f00 DEOPT UNPACKING pc=0x0000026c8f967da2 sp=0x0000008d30ef7628 mode 2

Classes loaded (20 events):
Event: 21.822 Loading class java/lang/Byte$ByteCache
Event: 21.823 Loading class java/lang/Byte$ByteCache done
Event: 21.892 Loading class java/util/zip/Deflater
Event: 21.893 Loading class java/util/zip/Deflater done
Event: 21.894 Loading class java/util/zip/Deflater$DeflaterZStreamRef
Event: 21.894 Loading class java/util/zip/Deflater$DeflaterZStreamRef done
Event: 21.899 Loading class java/util/zip/ZipInputStream
Event: 21.899 Loading class java/util/zip/ZipInputStream done
Event: 21.925 Loading class java/nio/StringCharBuffer
Event: 21.925 Loading class java/nio/StringCharBuffer done
Event: 21.947 Loading class java/nio/file/StandardCopyOption
Event: 21.947 Loading class java/nio/file/StandardCopyOption done
Event: 21.947 Loading class sun/nio/fs/WindowsFileCopy
Event: 21.948 Loading class sun/nio/fs/WindowsFileCopy done
Event: 22.089 Loading class java/lang/ThreadDeath
Event: 22.089 Loading class java/lang/ThreadDeath done
Event: 22.089 Loading class sun/misc/SharedSecrets
Event: 22.089 Loading class sun/misc/SharedSecrets done
Event: 22.709 Loading class sun/text/resources/cldr/FormatData_en_US
Event: 22.709 Loading class sun/text/resources/cldr/FormatData_en_US done

Classes unloaded (0 events):
No events

Classes redefined (0 events):
No events

Internal exceptions (20 events):
Event: 18.444 Thread 0x0000026ce2ac4f00 Exception <a 'java/lang/NoSuchMethodError'{0x00000000c5f428a8}: 'java.lang.Object java.lang.invoke.DirectMethodHandle$Holder.newInvokeSpecial(java.lang.Object, java.lang.Object, java.lang.Object, java.lang.Object, java.lang.Object, java.lang.Object, java.lang.Object, java.lang.Object, java.lang.Object, java.lang.Object, java.lang.Object, java.lang.Object, java.lang.Object, java.lang.Object, java.lang.Object, java.lang.Object, java.lang.Object, java.lang.Object, java.lang.Object, java.lang.Object, java.lang
Event: 18.571 Thread 0x0000026ce2ac4f00 Exception <a 'java/lang/NoSuchMethodError'{0x00000000c8e949e8}: 'java.lang.Object java.lang.invoke.DirectMethodHandle$Holder.newInvokeSpecial(java.lang.Object, java.lang.Object, java.lang.Object, java.lang.Object, java.lang.Object, java.lang.Object, java.lang.Object, java.lang.Object, java.lang.Object, java.lang.Object, java.lang.Object, java.lang.Object, java.lang.Object, java.lang.Object, java.lang.Object, java.lang.Object)'> (0x00000000c8e949e8) 
thrown [s\open\src\hotspot\share\interpreter\linkResolver
Event: 18.571 Thread 0x0000026ce2ac4f00 Exception <a 'java/lang/NoSuchMethodError'{0x00000000c8e9b8b8}: 'java.lang.Object java.lang.invoke.DirectMethodHandle$Holder.invokeSpecial(java.lang.Object, java.lang.Object, java.lang.Object, java.lang.Object, java.lang.Object, java.lang.Object, java.lang.Object, java.lang.Object, java.lang.Object, java.lang.Object, java.lang.Object, java.lang.Object, java.lang.Object, java.lang.Object, java.lang.Object, java.lang.Object, java.lang.Object)'> (0x00000000c8e9b8b8) 
thrown [s\open\src\hotspot\share\interpret
Event: 18.571 Thread 0x0000026ce2ac4f00 Exception <a 'java/lang/NoSuchMethodError'{0x00000000c8ea19c0}: 'java.lang.Object java.lang.invoke.DelegatingMethodHandle$Holder.reinvoke_L(java.lang.Object, java.lang.Object, java.lang.Object, java.lang.Object, java.lang.Object, java.lang.Object, java.lang.Object, java.lang.Object, java.lang.Object, java.lang.Object, java.lang.Object, java.lang.Object, java.lang.Object, java.lang.Object, java.lang.Object, java.lang.Object)'> (0x00000000c8ea19c0) 
thrown [s\open\src\hotspot\share\interpreter\linkResolver.c
Event: 18.579 Thread 0x0000026ce2ac4f00 Exception <a 'java/lang/NoSuchMethodError'{0x00000000c8d54de8}: 'java.lang.Object java.lang.invoke.DirectMethodHandle$Holder.newInvokeSpecial(java.lang.Object, java.lang.Object, java.lang.Object, java.lang.Object, java.lang.Object, java.lang.Object, java.lang.Object, java.lang.Object, java.lang.Object, java.lang.Object, java.lang.Object, java.lang.Object, java.lang.Object, java.lang.Object, java.lang.Object, java.lang.Object, java.lang.Object, java.lang.Object)'> (0x00000000c8d54de8) 
thrown [s\open\src\ho
Event: 18.579 Thread 0x0000026ce2ac4f00 Exception <a 'java/lang/NoSuchMethodError'{0x00000000c8d5c0a8}: 'java.lang.Object java.lang.invoke.DirectMethodHandle$Holder.invokeSpecial(java.lang.Object, java.lang.Object, java.lang.Object, java.lang.Object, java.lang.Object, java.lang.Object, java.lang.Object, java.lang.Object, java.lang.Object, java.lang.Object, java.lang.Object, java.lang.Object, java.lang.Object, java.lang.Object, java.lang.Object, java.lang.Object, java.lang.Object, java.lang.Object, java.lang.Object)'> (0x00000000c8d5c0a8) 
thrown
Event: 18.579 Thread 0x0000026ce2ac4f00 Exception <a 'java/lang/NoSuchMethodError'{0x00000000c8d621e8}: 'java.lang.Object java.lang.invoke.DelegatingMethodHandle$Holder.reinvoke_L(java.lang.Object, java.lang.Object, java.lang.Object, java.lang.Object, java.lang.Object, java.lang.Object, java.lang.Object, java.lang.Object, java.lang.Object, java.lang.Object, java.lang.Object, java.lang.Object, java.lang.Object, java.lang.Object, java.lang.Object, java.lang.Object, java.lang.Object, java.lang.Object)'> (0x00000000c8d621e8) 
thrown [s\open\src\hots
Event: 18.584 Thread 0x0000026ce2ac4f00 Exception <a 'java/lang/NoSuchMethodError'{0x00000000c8dfa4b8}: 'java.lang.Object java.lang.invoke.DirectMethodHandle$Holder.newInvokeSpecial(java.lang.Object, java.lang.Object, java.lang.Object, java.lang.Object, java.lang.Object, java.lang.Object, java.lang.Object, java.lang.Object, java.lang.Object, java.lang.Object, java.lang.Object, java.lang.Object, java.lang.Object, java.lang.Object, java.lang.Object, java.lang.Object, java.lang.Object, java.lang.Object, java.lang.Object, java.lang.Object, java.lang
Event: 20.161 Thread 0x0000026ce2ac4f00 Implicit null exception at 0x0000026c9029a22b to 0x0000026c9029a9dc
Event: 20.161 Thread 0x0000026ce2ac4f00 Implicit null exception at 0x0000026c8ffe1ebd to 0x0000026c8ffe1ef8
Event: 20.699 Thread 0x0000026ce2ac4f00 Exception <a 'java/lang/NoSuchMethodError'{0x00000000c9d630f0}: 'java.lang.Object java.lang.invoke.DirectMethodHandle$Holder.newInvokeSpecial(java.lang.Object, java.lang.Object, java.lang.Object, int, int, java.lang.Object, java.lang.Object)'> (0x00000000c9d630f0) 
thrown [s\open\src\hotspot\share\interpreter\linkResolver.cpp, line 773]
Event: 21.884 Thread 0x0000026ce3b4b980 Exception <a 'sun/nio/fs/WindowsException'{0x00000000c7294d60}> (0x00000000c7294d60) 
thrown [s\open\src\hotspot\share\prims\jni.cpp, line 520]
Event: 21.948 Thread 0x0000026ce3b4b980 Exception <a 'sun/nio/fs/WindowsException'{0x00000000c70d6860}> (0x00000000c70d6860) 
thrown [s\open\src\hotspot\share\prims\jni.cpp, line 520]
Event: 21.949 Thread 0x0000026ce3b4b980 Exception <a 'sun/nio/fs/WindowsException'{0x00000000c70d6aa0}> (0x00000000c70d6aa0) 
thrown [s\open\src\hotspot\share\prims\jni.cpp, line 520]
Event: 21.955 Thread 0x0000026ce2ac4f00 Implicit null exception at 0x0000026c901ea3dd to 0x0000026c901ea8bc
Event: 22.012 Thread 0x0000026ce2ac4f00 Exception <a 'java/lang/NoSuchMethodError'{0x00000000c6eb7ee8}: 'void java.lang.invoke.Invokers$Holder.invoke_MT(java.lang.Object, java.lang.Object, java.lang.Object, java.lang.Object)'> (0x00000000c6eb7ee8) 
thrown [s\open\src\hotspot\share\interpreter\linkResolver.cpp, line 773]
Event: 22.090 Thread 0x0000026ce2ac4f00 Exception <a 'java/lang/ClassNotFoundException'{0x00000000c6868a18}: sun/misc/SharedSecrets> (0x00000000c6868a18) 
thrown [s\open\src\hotspot\share\classfile\systemDictionary.cpp, line 312]
Event: 22.090 Thread 0x0000026ce2ac4f00 Exception <a 'java/lang/ClassNotFoundException'{0x00000000c686a030}: org/gradle/api/internal/plugins/DefaultObjectConfigurationActionBeanInfo> (0x00000000c686a030) 
thrown [s\open\src\hotspot\share\classfile\systemDictionary.cpp, line 312]
Event: 22.090 Thread 0x0000026ce2ac4f00 Exception <a 'java/lang/ClassNotFoundException'{0x00000000c687e188}: org/gradle/api/internal/plugins/DefaultObjectConfigurationActionCustomizer> (0x00000000c687e188) 
thrown [s\open\src\hotspot\share\classfile\systemDictionary.cpp, line 312]
Event: 22.591 Thread 0x0000026ce2ac4f00 Exception <a 'java/lang/NoSuchMethodError'{0x00000000cace5760}: 'int java.lang.invoke.DirectMethodHandle$Holder.invokeInterface(java.lang.Object, java.lang.Object, java.lang.Object, java.lang.Object)'> (0x00000000cace5760) 
thrown [s\open\src\hotspot\share\interpreter\linkResolver.cpp, line 773]

ZGC Phase Switch (0 events):
No events

VM Operations (20 events):
Event: 21.923 Executing VM operation: HandshakeAllThreads (Deoptimize)
Event: 21.923 Executing VM operation: HandshakeAllThreads (Deoptimize) done
Event: 21.926 Executing VM operation: HandshakeAllThreads (Deoptimize)
Event: 21.926 Executing VM operation: HandshakeAllThreads (Deoptimize) done
Event: 21.928 Executing VM operation: HandshakeAllThreads (Deoptimize)
Event: 21.928 Executing VM operation: HandshakeAllThreads (Deoptimize) done
Event: 22.121 Executing VM operation: G1CollectForAllocation (G1 Evacuation Pause)
Event: 22.126 Executing VM operation: G1CollectForAllocation (G1 Evacuation Pause) done
Event: 22.304 Executing VM operation: G1TryInitiateConcMark (G1 Humongous Allocation)
Event: 22.308 Executing VM operation: G1TryInitiateConcMark (G1 Humongous Allocation) done
Event: 22.357 Executing VM operation: G1PauseRemark
Event: 22.362 Executing VM operation: G1PauseRemark done
Event: 22.384 Executing VM operation: G1PauseCleanup
Event: 22.385 Executing VM operation: G1PauseCleanup done
Event: 22.582 Executing VM operation: HandshakeAllThreads (Deoptimize)
Event: 22.582 Executing VM operation: HandshakeAllThreads (Deoptimize) done
Event: 22.589 Executing VM operation: HandshakeAllThreads (Deoptimize)
Event: 22.589 Executing VM operation: HandshakeAllThreads (Deoptimize) done
Event: 22.590 Executing VM operation: HandshakeAllThreads (Deoptimize)
Event: 22.590 Executing VM operation: HandshakeAllThreads (Deoptimize) done

Events (20 events):
Event: 22.361 Thread 0x0000026c9bbf05d0 flushing nmethod 0x0000026c88bbfb90
Event: 22.361 Thread 0x0000026c9bbf05d0 flushing nmethod 0x0000026c88f23590
Event: 22.361 Thread 0x0000026c9bbf05d0 flushing nmethod 0x0000026c90071410
Event: 22.361 Thread 0x0000026c9bbf05d0 flushing nmethod 0x0000026c90182890
Event: 22.361 Thread 0x0000026c9bbf05d0 flushing nmethod 0x0000026c90250090
Event: 22.361 Thread 0x0000026c9bbf05d0 flushing nmethod 0x0000026c90261c90
Event: 22.361 Thread 0x0000026c9bbf05d0 flushing nmethod 0x0000026c8845c190
Event: 22.361 Thread 0x0000026c9bbf05d0 flushing nmethod 0x0000026c8857d510
Event: 22.361 Thread 0x0000026c9bbf05d0 flushing nmethod 0x0000026c885ecb90
Event: 22.361 Thread 0x0000026c9bbf05d0 flushing nmethod 0x0000026c885f3590
Event: 22.361 Thread 0x0000026c9bbf05d0 flushing nmethod 0x0000026c886bc990
Event: 22.361 Thread 0x0000026c9bbf05d0 flushing nmethod 0x0000026c88726810
Event: 22.361 Thread 0x0000026c9bbf05d0 flushing nmethod 0x0000026c88744510
Event: 22.361 Thread 0x0000026c9bbf05d0 flushing nmethod 0x0000026c88b1b890
Event: 22.361 Thread 0x0000026c9bbf05d0 flushing nmethod 0x0000026c88fcd210
Event: 22.361 Thread 0x0000026c9bbf05d0 flushing nmethod 0x0000026c89168b10
Event: 22.361 Thread 0x0000026c9bbf05d0 flushing nmethod 0x0000026c8916c210
Event: 22.361 Thread 0x0000026c9bbf05d0 flushing nmethod 0x0000026c8916df10
Event: 22.361 Thread 0x0000026c9bbf05d0 flushing nmethod 0x0000026c8917e590
Event: 22.740 Thread 0x0000026cf52d1030 Thread added: 0x0000026cf52d1030


Dynamic libraries:
0x00007ff642eb0000 - 0x00007ff642ec0000 	C:\Program Files\Java\jdk-21\bin\java.exe
0x00007fff036a0000 - 0x00007fff03907000 	C:\WINDOWS\SYSTEM32\ntdll.dll
0x00007fff01e80000 - 0x00007fff01f49000 	C:\WINDOWS\System32\KERNEL32.DLL
0x00007fff00c20000 - 0x00007fff01017000 	C:\WINDOWS\System32\KERNELBASE.dll
0x00007fff011a0000 - 0x00007fff012eb000 	C:\WINDOWS\System32\ucrtbase.dll
0x00007ffefd230000 - 0x00007ffefd249000 	C:\Program Files\Java\jdk-21\bin\jli.dll
0x00007ffefd250000 - 0x00007ffefd26b000 	C:\Program Files\Java\jdk-21\bin\VCRUNTIME140.dll
0x00007fff016b0000 - 0x00007fff01766000 	C:\WINDOWS\System32\ADVAPI32.dll
0x00007fff01600000 - 0x00007fff016a9000 	C:\WINDOWS\System32\msvcrt.dll
0x00007fff01da0000 - 0x00007fff01e47000 	C:\WINDOWS\System32\sechost.dll
0x00007fff02170000 - 0x00007fff02288000 	C:\WINDOWS\System32\RPCRT4.dll
0x00007fff01430000 - 0x00007fff015f6000 	C:\WINDOWS\System32\USER32.dll
0x00007fff002d0000 - 0x00007fff002f7000 	C:\WINDOWS\System32\win32u.dll
0x00007ffedf440000 - 0x00007ffedf6d2000 	C:\WINDOWS\WinSxS\amd64_microsoft.windows.common-controls_6595b64144ccf1df_6.0.26100.8457_none_3e0b2faee331e92d\COMCTL32.dll
0x00007fff01e50000 - 0x00007fff01e7b000 	C:\WINDOWS\System32\GDI32.dll
0x00007fff012f0000 - 0x00007fff0141c000 	C:\WINDOWS\System32\gdi32full.dll
0x00007fff00300000 - 0x00007fff003a3000 	C:\WINDOWS\System32\msvcp_win.dll
0x00007ffef7390000 - 0x00007ffef739b000 	C:\WINDOWS\SYSTEM32\VERSION.dll
0x00007fff01f50000 - 0x00007fff01f82000 	C:\WINDOWS\System32\IMM32.DLL
0x00007ffefd2b0000 - 0x00007ffefd2bc000 	C:\Program Files\Java\jdk-21\bin\vcruntime140_1.dll
0x00007ffee9d30000 - 0x00007ffee9dbe000 	C:\Program Files\Java\jdk-21\bin\msvcp140.dll
0x00007ffe1be60000 - 0x00007ffe1cb7d000 	C:\Program Files\Java\jdk-21\bin\server\jvm.dll
0x00007fff03400000 - 0x00007fff03480000 	C:\WINDOWS\System32\WS2_32.dll
0x00007ffefff30000 - 0x00007ffefff8e000 	C:\WINDOWS\SYSTEM32\POWRPROF.dll
0x00007ffef7660000 - 0x00007ffef7696000 	C:\WINDOWS\SYSTEM32\WINMM.dll
0x00007ffefff10000 - 0x00007ffefff24000 	C:\WINDOWS\SYSTEM32\UMPDC.dll
0x00007ffefee40000 - 0x00007ffefee5b000 	C:\WINDOWS\SYSTEM32\kernel.appcore.dll
0x00007ffefd1a0000 - 0x00007ffefd1aa000 	C:\Program Files\Java\jdk-21\bin\jimage.dll
0x00007ffefdd70000 - 0x00007ffefdfb2000 	C:\WINDOWS\SYSTEM32\DBGHELP.DLL
0x00007fff01770000 - 0x00007fff01af3000 	C:\WINDOWS\System32\combase.dll
0x00007fff032e0000 - 0x00007fff033b9000 	C:\WINDOWS\System32\OLEAUT32.dll
0x00007ffedc7b0000 - 0x00007ffedc7eb000 	C:\WINDOWS\SYSTEM32\dbgcore.DLL
0x00007fff00190000 - 0x00007fff00238000 	C:\WINDOWS\System32\bcryptPrimitives.dll
0x00007ffed0b40000 - 0x00007ffed0b4f000 	C:\Program Files\Java\jdk-21\bin\instrument.dll
0x00007ffefb1c0000 - 0x00007ffefb1df000 	C:\Program Files\Java\jdk-21\bin\java.dll
0x00007fff02290000 - 0x00007fff029fe000 	C:\WINDOWS\System32\SHELL32.dll
0x00007fff003b0000 - 0x00007fff00c1c000 	C:\WINDOWS\System32\windows.storage.dll
0x00007fff02a10000 - 0x00007fff02b06000 	C:\WINDOWS\System32\SHCORE.dll
0x00007fff01b10000 - 0x00007fff01b76000 	C:\WINDOWS\System32\shlwapi.dll
0x00007ffeffff0000 - 0x00007fff00019000 	C:\WINDOWS\SYSTEM32\profapi.dll
0x00007ffee9b40000 - 0x00007ffee9c17000 	C:\Program Files\Java\jdk-21\bin\jsvml.dll
0x00007ffefa720000 - 0x00007ffefa738000 	C:\Program Files\Java\jdk-21\bin\zip.dll
0x00007ffefd190000 - 0x00007ffefd1a0000 	C:\Program Files\Java\jdk-21\bin\net.dll
0x00007ffef9000000 - 0x00007ffef9129000 	C:\WINDOWS\SYSTEM32\WINHTTP.dll
0x00007ffeff3d0000 - 0x00007ffeff43c000 	C:\WINDOWS\system32\mswsock.dll
0x00007ffefa860000 - 0x00007ffefa876000 	C:\Program Files\Java\jdk-21\bin\nio.dll
0x00007ffefb1b0000 - 0x00007ffefb1c0000 	C:\Program Files\Java\jdk-21\bin\verify.dll
0x00007ffee9620000 - 0x00007ffee9647000 	C:\Users\Mark Anton Camoro\.gradle\native\c067742578af261105cb4f569cf0c3c89f3d7b1fecec35dd04571415982c5e48\windows-amd64\native-platform.dll
0x00007ffea2330000 - 0x00007ffea2474000 	C:\Users\Mark Anton Camoro\.gradle\native\38dada09dfb8b06ba9b0570ebf7e218e3eb74d4ef43ca46872605cf95ebc2f47\windows-amd64\native-platform-file-events.dll
0x00007ffefa6e0000 - 0x00007ffefa6ea000 	C:\Program Files\Java\jdk-21\bin\management.dll
0x00007ffefa6d0000 - 0x00007ffefa6db000 	C:\Program Files\Java\jdk-21\bin\management_ext.dll
0x00007fff01b00000 - 0x00007fff01b08000 	C:\WINDOWS\System32\PSAPI.DLL
0x00007ffeff6b0000 - 0x00007ffeff6cb000 	C:\WINDOWS\SYSTEM32\CRYPTSP.dll
0x00007ffefeda0000 - 0x00007ffefedd9000 	C:\WINDOWS\system32\rsaenh.dll
0x00007ffeff480000 - 0x00007ffeff4b3000 	C:\WINDOWS\SYSTEM32\USERENV.dll
0x00007ffefffc0000 - 0x00007ffefffea000 	C:\WINDOWS\SYSTEM32\bcrypt.dll
0x00007ffeff6d0000 - 0x00007ffeff6dc000 	C:\WINDOWS\SYSTEM32\CRYPTBASE.dll
0x00007ffefe820000 - 0x00007ffefe852000 	C:\WINDOWS\SYSTEM32\IPHLPAPI.DLL
0x00007fff033f0000 - 0x00007fff033fa000 	C:\WINDOWS\System32\NSI.dll
0x00007ffef6ce0000 - 0x00007ffef6ce9000 	C:\Program Files\Java\jdk-21\bin\extnet.dll
0x00007ffef9930000 - 0x00007ffef993e000 	C:\Program Files\Java\jdk-21\bin\sunmscapi.dll
0x00007fff01020000 - 0x00007fff01198000 	C:\WINDOWS\System32\CRYPT32.dll
0x00007ffeff8d0000 - 0x00007ffeff900000 	C:\WINDOWS\SYSTEM32\ncrypt.dll
0x00007ffeff880000 - 0x00007ffeff8bf000 	C:\WINDOWS\SYSTEM32\NTASN1.dll
0x00007ffebe4a0000 - 0x00007ffebe4a8000 	C:\WINDOWS\system32\wshunix.dll

dbghelp: loaded successfully - version: 4.0.5 - missing functions: none
symbol engine: initialized successfully - sym options: 0x614 - pdb path: .;C:\Program Files\Java\jdk-21\bin;C:\WINDOWS\SYSTEM32;C:\WINDOWS\WinSxS\amd64_microsoft.windows.common-controls_6595b64144ccf1df_6.0.26100.8457_none_3e0b2faee331e92d;C:\Program Files\Java\jdk-21\bin\server;C:\Users\Mark Anton Camoro\.gradle\native\c067742578af261105cb4f569cf0c3c89f3d7b1fecec35dd04571415982c5e48\windows-amd64;C:\Users\Mark Anton Camoro\.gradle\native\38dada09dfb8b06ba9b0570ebf7e218e3eb74d4ef43ca46872605cf95ebc2f47\windows-amd64

VM Arguments:
jvm_args: --add-opens=java.base/java.util=ALL-UNNAMED --add-opens=java.base/java.lang=ALL-UNNAMED --add-opens=java.base/java.lang.invoke=ALL-UNNAMED --add-opens=java.prefs/java.util.prefs=ALL-UNNAMED --add-opens=java.base/java.nio.charset=ALL-UNNAMED --add-opens=java.base/java.net=ALL-UNNAMED --add-opens=java.base/java.util.concurrent.atomic=ALL-UNNAMED -Xmx1024m -Dfile.encoding=UTF-8 -Duser.country=PH -Duser.language=en -Duser.variant -javaagent:C:\Users\Mark Anton Camoro\.gradle\wrapper\dists\gradle-8.4-bin\1w5dpkrfk8irigvoxmyhowfim\gradle-8.4\lib\agents\gradle-instrumentation-agent-8.4.jar 
java_command: org.gradle.launcher.daemon.bootstrap.GradleDaemon 8.4
java_class_path (initial): C:\Users\Mark Anton Camoro\.gradle\wrapper\dists\gradle-8.4-bin\1w5dpkrfk8irigvoxmyhowfim\gradle-8.4\lib\gradle-launcher-8.4.jar
Launcher Type: SUN_STANDARD

[Global flags]
     intx CICompilerCount                          = 4                                         {product} {ergonomic}
     uint ConcGCThreads                            = 3                                         {product} {ergonomic}
     uint G1ConcRefinementThreads                  = 10                                        {product} {ergonomic}
   size_t G1HeapRegionSize                         = 1048576                                   {product} {ergonomic}
    uintx GCDrainStackTargetSize                   = 64                                        {product} {ergonomic}
   size_t InitialHeapSize                          = 264241152                                 {product} {ergonomic}
   size_t MarkStackSize                            = 4194304                                   {product} {ergonomic}
   size_t MaxHeapSize                              = 1073741824                                {product} {command line}
   size_t MaxNewSize                               = 643825664                                 {product} {ergonomic}
   size_t MinHeapDeltaBytes                        = 1048576                                   {product} {ergonomic}
   size_t MinHeapSize                              = 8388608                                   {product} {ergonomic}
    uintx NonNMethodCodeHeapSize                   = 5839372                                {pd product} {ergonomic}
    uintx NonProfiledCodeHeapSize                  = 122909434                              {pd product} {ergonomic}
    uintx ProfiledCodeHeapSize                     = 122909434                              {pd product} {ergonomic}
    uintx ReservedCodeCacheSize                    = 251658240                              {pd product} {ergonomic}
     bool SegmentedCodeCache                       = true                                      {product} {ergonomic}
   size_t SoftMaxHeapSize                          = 1073741824                             {manageable} {ergonomic}
     bool UseCompressedOops                        = true                           {product lp64_product} {ergonomic}
     bool UseG1GC                                  = true                                      {product} {ergonomic}
     bool UseLargePagesIndividualAllocation        = false                                  {pd product} {ergonomic}

Logging:
Log output configuration:
 #0: stdout all=warning uptime,level,tags foldmultilines=false
 #1: stderr all=off uptime,level,tags foldmultilines=false

Environment Variables:
JAVA_HOME=C:\Program Files\Java\jdk-21
CLASSPATH=C:\KIRO\PeerTayo\IT342_PeerTayo_G4_Camoro\mobile\\gradle\wrapper\gradle-wrapper.jar
PATH=C:\Program Files\Java\jdk-21\bin;C:\Program Files\Common Files\Oracle\Java\javapath;C:\Windows\system32;C:\Windows;C:\Windows\System32\Wbem;C:\Windows\System32\WindowsPowerShell\v1.0\;C:\Windows\System32\OpenSSH\;C:\Program Files (x86)\NVIDIA Corporation\PhysX\Common;C:\Program Files\NVIDIA Corporation\NVIDIA NvDLISR;C:\Program Files\Microsoft VS Code\bin;C:\Program Files\Java\jdk-22\bin;C:\Program Files\Java\jdk-23\bin;C:\Program Files\Git\cmd;C:\WINDOWS\system32;C:\WINDOWS;C:\WINDOWS\System32\Wbem;C:\WINDOWS\System32\WindowsPowerShell\v1.0\;C:\WINDOWS\System32\OpenSSH\;C:\Program Files\cursor\resources\app\bin;C:\Program Files\nodejs\;C:\Users\Mark Anton Camoro\AppData\Local\Microsoft\WindowsApps;C:\MinGW\bin;C:\Users\Mark Anton Camoro\AppData\Roaming\npm;C:\Users\Mark Anton Camoro\AppData\Local\Programs\Kiro\bin;C:\Users\Mark Anton Camoro\AppData\Local\Programs\Antigravity\bin;C:\Users\Mark Anton Camoro\AppData\Local\Programs\Windsurf\bin;C:\Users\Mark Anton Camoro\AppData\Local\Programs\cursor\resources\app\bin
USERNAME=Mark Anton Camoro
OS=Windows_NT
PROCESSOR_IDENTIFIER=Intel64 Family 6 Model 141 Stepping 1, GenuineIntel
TMP=C:\Users\MARKAN~1\AppData\Local\Temp
TEMP=C:\Users\MARKAN~1\AppData\Local\Temp




Periodic native trim disabled

---------------  S Y S T E M  ---------------

OS:
 Windows 11 , 64 bit Build 26100 (10.0.26100.8328)
OS uptime: 0 days 18:26 hours
Hyper-V role detected

CPU: total 12 (initial active 12) (6 cores per cpu, 2 threads per core) family 6 model 141 stepping 1 microcode 0x34, cx8, cmov, fxsr, ht, mmx, 3dnowpref, sse, sse2, sse3, ssse3, sse4.1, sse4.2, popcnt, lzcnt, tsc, tscinvbit, avx, avx2, aes, erms, clmul, bmi1, bmi2, adx, avx512f, avx512dq, avx512cd, avx512bw, avx512vl, sha, fma, vzeroupper, avx512_vpopcntdq, avx512_vpclmulqdq, avx512_vaes, avx512_vnni, clflush, clflushopt, clwb, avx512_vbmi2, avx512_vbmi, hv, rdtscp, rdpid, fsrm, gfni, avx512_bitalg, f16c, cet_ibt, cet_ss, avx512_ifma
Processor Information for processor 0
  Max Mhz: 2611, Current Mhz: 2611, Mhz Limit: 2611
Processor Information for processor 1
  Max Mhz: 2611, Current Mhz: 2611, Mhz Limit: 2611
Processor Information for processor 2
  Max Mhz: 2611, Current Mhz: 2611, Mhz Limit: 2611
Processor Information for processor 3
  Max Mhz: 2611, Current Mhz: 2611, Mhz Limit: 2611
Processor Information for processor 4
  Max Mhz: 2611, Current Mhz: 1004, Mhz Limit: 2611
Processor Information for processor 5
  Max Mhz: 2611, Current Mhz: 1004, Mhz Limit: 2611
Processor Information for processor 6
  Max Mhz: 2611, Current Mhz: 2611, Mhz Limit: 2611
Processor Information for processor 7
  Max Mhz: 2611, Current Mhz: 1004, Mhz Limit: 2611
Processor Information for processor 8
  Max Mhz: 2611, Current Mhz: 2611, Mhz Limit: 2611
Processor Information for processor 9
  Max Mhz: 2611, Current Mhz: 2611, Mhz Limit: 2611
Processor Information for processor 10
  Max Mhz: 2611, Current Mhz: 2611, Mhz Limit: 2611
Processor Information for processor 11
  Max Mhz: 2611, Current Mhz: 2611, Mhz Limit: 2611

Memory: 4k page, system-wide physical 16085M (941M free)
TotalPageFile size 27326M (AvailPageFile size 5M)
current process WorkingSet (physical memory assigned to process): 501M, peak: 501M
current process commit charge ("private bytes"): 540M, peak: 541M

vm_info: Java HotSpot(TM) 64-Bit Server VM (21.0.9+7-LTS-338) for windows-amd64 JRE (21.0.9+7-LTS-338), built on 2025-09-26T06:33:49Z by "mach5run" with MS VC++ 17.6 (VS2022)

END.
